This is pdfTeX, Version 3.14159265-2.6-1.40.18 (TeX Live 2017/MacPorts 2017_0) (preloaded format=pdflatex 2017.7.4)  19 JUL 2017 11:25
entering extended mode
 restricted \write18 enabled.
 %&-line parsing enabled.
**Supplemental_Information
(./Supplemental_Information.tex
LaTeX2e <2017-04-15>
Babel <3.10> and hyphenation patterns for 3 language(s) loaded.
(/opt/local/share/texmf-texlive/tex/latex/achemso/achemso.cls
Document Class: achemso 2017/05/18 v3.10i Submission to ACS journals
(/opt/local/share/texmf-texlive/tex/latex/base/article.cls
Document Class: article 2014/09/29 v1.4h Standard LaTeX document class
(/opt/local/share/texmf-texlive/tex/latex/base/size12.clo
File: size12.clo 2014/09/29 v1.4h Standard LaTeX file (size option)
)
\c@part=\count79
\c@section=\count80
\c@subsection=\count81
\c@subsubsection=\count82
\c@paragraph=\count83
\c@subparagraph=\count84
\c@figure=\count85
\c@table=\count86
\abovecaptionskip=\skip41
\belowcaptionskip=\skip42
\bibindent=\dimen102
)
(/opt/local/share/texmf-texlive/tex/latex/xkeyval/xkeyval.sty
Package: xkeyval 2014/12/03 v2.7a package option processing (HA)

(/opt/local/share/texmf-texlive/tex/generic/xkeyval/xkeyval.tex
(/opt/local/share/texmf-texlive/tex/generic/xkeyval/xkvutils.tex
\XKV@toks=\toks14
\XKV@tempa@toks=\toks15

(/opt/local/share/texmf-texlive/tex/generic/xkeyval/keyval.tex))
\XKV@depth=\count87
File: xkeyval.tex 2014/12/03 v2.7a key=value parser (HA)
))
\acs@bib@file=\write3
\c@bibnote=\count88

(/opt/local/share/texmf-texlive/tex/latex/geometry/geometry.sty
Package: geometry 2010/09/12 v5.6 Page Geometry

(/opt/local/share/texmf-texlive/tex/generic/oberdiek/ifpdf.sty
Package: ifpdf 2017/03/15 v3.2 Provides the ifpdf switch
)
(/opt/local/share/texmf-texlive/tex/generic/oberdiek/ifvtex.sty
Package: ifvtex 2016/05/16 v1.6 Detect VTeX and its facilities (HO)
Package ifvtex Info: VTeX not detected.
)
(/opt/local/share/texmf-texlive/tex/generic/ifxetex/ifxetex.sty
Package: ifxetex 2010/09/12 v0.6 Provides ifxetex conditional
)
\Gm@cnth=\count89
\Gm@cntv=\count90
\c@Gm@tempcnt=\count91
\Gm@bindingoffset=\dimen103
\Gm@wd@mp=\dimen104
\Gm@odd@mp=\dimen105
\Gm@even@mp=\dimen106
\Gm@layoutwidth=\dimen107
\Gm@layoutheight=\dimen108
\Gm@layouthoffset=\dimen109
\Gm@layoutvoffset=\dimen110
\Gm@dimlist=\toks16
)
(/opt/local/share/texmf-texlive/tex/latex/caption/caption.sty
Package: caption 2016/02/21 v3.3-144 Customizing captions (AR)

(/opt/local/share/texmf-texlive/tex/latex/caption/caption3.sty
Package: caption3 2016/05/22 v1.7-166 caption3 kernel (AR)
Package caption3 Info: TeX engine: e-TeX on input line 67.
\captionmargin=\dimen111
\captionmargin@=\dimen112
\captionwidth=\dimen113
\caption@tempdima=\dimen114
\caption@indent=\dimen115
\caption@parindent=\dimen116
\caption@hangindent=\dimen117
)
\c@ContinuedFloat=\count92
)
(/opt/local/share/texmf-texlive/tex/latex/float/float.sty
Package: float 2001/11/08 v1.3d Float enhancements (AL)
\c@float@type=\count93
\float@exts=\toks17
\float@box=\box26
\@float@everytoks=\toks18
\@floatcapt=\box27
)
(/opt/local/share/texmf-texlive/tex/latex/graphics/graphicx.sty
Package: graphicx 2014/10/28 v1.0g Enhanced LaTeX Graphics (DPC,SPQR)

(/opt/local/share/texmf-texlive/tex/latex/graphics/graphics.sty
Package: graphics 2017/04/14 v1.1b Standard LaTeX Graphics (DPC,SPQR)

(/opt/local/share/texmf-texlive/tex/latex/graphics/trig.sty
Package: trig 2016/01/03 v1.10 sin cos tan (DPC)
)
(/opt/local/share/texmf-texlive/tex/latex/graphics-cfg/graphics.cfg
File: graphics.cfg 2016/06/04 v1.11 sample graphics configuration
)
Package graphics Info: Driver file: pdftex.def on input line 99.

(/opt/local/share/texmf-texlive/tex/latex/graphics-def/pdftex.def
File: pdftex.def 2017/01/12 v0.06k Graphics/color for pdfTeX

(/opt/local/share/texmf-texlive/tex/generic/oberdiek/infwarerr.sty
Package: infwarerr 2016/05/16 v1.4 Providing info/warning/error messages (HO)
)
(/opt/local/share/texmf-texlive/tex/generic/oberdiek/ltxcmds.sty
Package: ltxcmds 2016/05/16 v1.23 LaTeX kernel commands for general use (HO)
)
\Gread@gobject=\count94
))
\Gin@req@height=\dimen118
\Gin@req@width=\dimen119
)
(/opt/local/share/texmf-texlive/tex/latex/setspace/setspace.sty
Package: setspace 2011/12/19 v6.7a set line spacing
)
(/opt/local/share/texmf-texlive/tex/latex/url/url.sty
\Urlmuskip=\muskip10
Package: url 2013/09/16  ver 3.4  Verb mode for urls, etc.
)
\acs@author@cnt=\count95
\acs@affil@cnt=\count96
\acs@affil@alt@cnt=\count97
\acs@footnote@cnt=\count98
\acs@affil@marker@cnt=\count99
\acs@space@pre@title=\skip43
\acs@space@post@title=\skip44
\acs@space@post@author=\skip45
\acs@space@post@address=\skip46
\acs@space@post@email=\skip47
\acs@maketitle@width=\skip48
\@float@every@scheme=\toks19
\c@scheme=\count100
\@float@every@chart=\toks20
\c@chart=\count101
\@float@every@graph=\toks21
\c@graph=\count102
\@float@every@table=\toks22
\acs@collect@toks=\toks23
\acs@collect@empty@toks=\toks24
\acs@tocentry@height=\skip49
\acs@tocentry@width=\skip50

(/opt/local/share/texmf-texlive/tex/latex/achemso/achemso-jpccck.cfg
File: achemso-jpccck.cfg 2017/05/18 v3.10i achemso configuration: J. Phys. Chem
. C
)
(/opt/local/share/texmf-texlive/tex/latex/natbib/natbib.sty
Package: natbib 2010/09/13 8.31b (PWD, AO)
\bibhang=\skip51
\bibsep=\skip52
LaTeX Info: Redefining \cite on input line 694.
\c@NAT@ctr=\count103
)
(/opt/local/share/texmf-texlive/tex/latex/achemso/natmove.sty
Package: natmove 2010/01/15 v1.1a Automatic citation moving with natbib
)
(/opt/local/share/texmf-texlive/tex/latex/mciteplus/mciteplus.sty
Package: mciteplus 2013/09/13 v1.2 enhanced mcite
\@mcitetmptoksA=\toks25
\@mcitetmpdima=\dimen120
\@mcitetmpdimb=\dimen121
\@mcitetmpcnta=\count104
\@mcitetmpcntb=\count105
\c@mcitebibitemcount=\count106
\c@mcitesubitemcount=\count107

** mciteplus: Detected natbib.sty. Invoking hooks.
)) (/opt/local/share/texmf-texlive/tex/latex/base/fixltx2e.sty
Package: fixltx2e 2016/12/29 v2.1a fixes to LaTeX (obsolete)
Applying: [2015/01/01] Old fixltx2e package on input line 46.


Package fixltx2e Warning: fixltx2e is not required with releases after 2015
(fixltx2e)                All fixes are now in the LaTeX kernel.
(fixltx2e)                See the latexrelease package for details.

Already applied: [0000/00/00] Old fixltx2e package on input line 53.
) (/opt/local/share/texmf-texlive/tex/latex/achemso/achemso.sty
Package: achemso 2017/05/18 v3.10i Support for ACS journals
Package achemso Info: You have already loaded the `achemso' class:
(achemso)             loading the package will abort on input line 30.
)
(/opt/local/share/texmf-texlive/tex/latex/multirow/multirow.sty
Package: multirow 2016/11/25 v2.2 Span multiple rows of a table
\multirow@colwidth=\skip53
\multirow@cntb=\count108
\multirow@dima=\skip54
\bigstrutjot=\dimen122
)
(/opt/local/share/texmf-texlive/tex/latex/wrapfig/wrapfig.sty
\wrapoverhang=\dimen123
\WF@size=\dimen124
\c@WF@wrappedlines=\count109
\WF@box=\box28
\WF@everypar=\toks26
Package: wrapfig 2003/01/31  v 3.6
)
(/opt/local/share/texmf-texlive/tex/latex/psnfss/times.sty
Package: times 2005/04/12 PSNFSS-v9.2a (SPQR) 
)
(/opt/local/share/texmf-texlive/tex/latex/tablefootnote/tablefootnote.sty
Package: tablefootnote 2014/01/26 v1.1c Table foot notes (HMM)

(/opt/local/share/texmf-texlive/tex/latex/oberdiek/letltxmacro.sty
Package: letltxmacro 2016/05/16 v1.5 Let assignment for LaTeX macros (HO)
)
(/opt/local/share/texmf-texlive/tex/latex/xifthen/xifthen.sty
Package: xifthen 2015/11/05 v1.4.0 Extended ifthen features

(/opt/local/share/texmf-texlive/tex/latex/tools/calc.sty
Package: calc 2014/10/28 v4.3 Infix arithmetic (KKT,FJ)
\calc@Acount=\count110
\calc@Bcount=\count111
\calc@Adimen=\dimen125
\calc@Bdimen=\dimen126
\calc@Askip=\skip55
\calc@Bskip=\skip56
LaTeX Info: Redefining \setlength on input line 80.
LaTeX Info: Redefining \addtolength on input line 81.
\calc@Ccount=\count112
\calc@Cskip=\skip57
)
(/opt/local/share/texmf-texlive/tex/latex/base/ifthen.sty
Package: ifthen 2014/09/29 v1.1c Standard LaTeX ifthen package (DPC)
)
(/opt/local/share/texmf-texlive/tex/latex/ifmtarg/ifmtarg.sty
Package: ifmtarg 2009/09/02 v1.2a check for an empty argument
))
(/opt/local/share/texmf-texlive/tex/latex/etoolbox/etoolbox.sty
Package: etoolbox 2017/01/02 v2.4 e-TeX tools for LaTeX (JAW)
\etb@tempcnta=\count113
))
(/opt/local/share/texmf-texlive/tex/latex/booktabs/booktabs.sty
Package: booktabs 2016/04/27 v1.618033 publication quality tables
\heavyrulewidth=\dimen127
\lightrulewidth=\dimen128
\cmidrulewidth=\dimen129
\belowrulesep=\dimen130
\belowbottomsep=\dimen131
\aboverulesep=\dimen132
\abovetopsep=\dimen133
\cmidrulesep=\dimen134
\cmidrulekern=\dimen135
\defaultaddspace=\dimen136
\@cmidla=\count114
\@cmidlb=\count115
\@aboverulesep=\dimen137
\@belowrulesep=\dimen138
\@thisruleclass=\count116
\@lastruleclass=\count117
\@thisrulewidth=\dimen139
)
(/opt/local/share/texmf-texlive/tex/latex/mhchem/mhchem.sty
Package: mhchem 2017/01/16 v4.06 for typesetting chemical formulae

(/opt/local/share/texmf-texlive/tex/latex/l3kernel/expl3.sty
Package: expl3 2017/05/13 L3 programming layer (loader) 

(/opt/local/share/texmf-texlive/tex/latex/l3kernel/expl3-code.tex
Package: expl3 2017/05/13 L3 programming layer (code)
\c_max_int=\count118
\l_tmpa_int=\count119
\l_tmpb_int=\count120
\g_tmpa_int=\count121
\g_tmpb_int=\count122
\g__prg_map_int=\count123
\c_log_iow=\count124
\l_iow_line_count_int=\count125
\l__iow_line_target_int=\count126
\l__iow_one_indent_int=\count127
\l__iow_indent_int=\count128
\c_zero_dim=\dimen140
\c_max_dim=\dimen141
\l_tmpa_dim=\dimen142
\l_tmpb_dim=\dimen143
\g_tmpa_dim=\dimen144
\g_tmpb_dim=\dimen145
\c_zero_skip=\skip58
\c_max_skip=\skip59
\l_tmpa_skip=\skip60
\l_tmpb_skip=\skip61
\g_tmpa_skip=\skip62
\g_tmpb_skip=\skip63
\c_zero_muskip=\muskip11
\c_max_muskip=\muskip12
\l_tmpa_muskip=\muskip13
\l_tmpb_muskip=\muskip14
\g_tmpa_muskip=\muskip15
\g_tmpb_muskip=\muskip16
\l_keys_choice_int=\count129
\c__fp_leading_shift_int=\count130
\c__fp_middle_shift_int=\count131
\c__fp_trailing_shift_int=\count132
\c__fp_big_leading_shift_int=\count133
\c__fp_big_middle_shift_int=\count134
\c__fp_big_trailing_shift_int=\count135
\c__fp_Bigg_leading_shift_int=\count136
\c__fp_Bigg_middle_shift_int=\count137
\c__fp_Bigg_trailing_shift_int=\count138
\c__fp_rand_size_int=\count139
\c__fp_rand_four_int=\count140
\c__fp_rand_eight_int=\count141
\l__sort_length_int=\count142
\l__sort_min_int=\count143
\l__sort_top_int=\count144
\l__sort_max_int=\count145
\l__sort_true_max_int=\count146
\l__sort_block_int=\count147
\l__sort_begin_int=\count148
\l__sort_end_int=\count149
\l__sort_A_int=\count150
\l__sort_B_int=\count151
\l__sort_C_int=\count152
\c_empty_box=\box29
\l_tmpa_box=\box30
\l_tmpb_box=\box31
\g_tmpa_box=\box32
\g_tmpb_box=\box33
\l__box_top_dim=\dimen146
\l__box_bottom_dim=\dimen147
\l__box_left_dim=\dimen148
\l__box_right_dim=\dimen149
\l__box_top_new_dim=\dimen150
\l__box_bottom_new_dim=\dimen151
\l__box_left_new_dim=\dimen152
\l__box_right_new_dim=\dimen153
\l__box_internal_box=\box34
\l__coffin_internal_box=\box35
\l__coffin_internal_dim=\dimen154
\l__coffin_offset_x_dim=\dimen155
\l__coffin_offset_y_dim=\dimen156
\l__coffin_x_dim=\dimen157
\l__coffin_y_dim=\dimen158
\l__coffin_x_prime_dim=\dimen159
\l__coffin_y_prime_dim=\dimen160
\c_empty_coffin=\box36
\l__coffin_aligned_coffin=\box37
\l__coffin_aligned_internal_coffin=\box38
\l_tmpa_coffin=\box39
\l_tmpb_coffin=\box40
\l__coffin_display_coffin=\box41
\l__coffin_display_coord_coffin=\box42
\l__coffin_display_pole_coffin=\box43
\l__coffin_display_offset_dim=\dimen161
\l__coffin_display_x_dim=\dimen162
\l__coffin_display_y_dim=\dimen163
\l__coffin_bounding_shift_dim=\dimen164
\l__coffin_left_corner_dim=\dimen165
\l__coffin_right_corner_dim=\dimen166
\l__coffin_bottom_corner_dim=\dimen167
\l__coffin_top_corner_dim=\dimen168
\l__coffin_scaled_total_height_dim=\dimen169
\l__coffin_scaled_width_dim=\dimen170
)
(/opt/local/share/texmf-texlive/tex/latex/l3kernel/l3pdfmode.def
File: l3pdfmode.def 2017/03/18 v L3 Experimental driver: PDF mode
\l__driver_color_stack_int=\count153
\l__driver_tmp_box=\box44
))
(/opt/local/share/texmf-texlive/tex/latex/l3packages/l3keys2e/l3keys2e.sty
Package: l3keys2e 2017/05/13 LaTeX2e option processing using LaTeX3 keys
)
(/opt/local/share/texmf-texlive/tex/latex/l3experimental/l3str/l3regex.sty
Package: l3regex 2017/05/13 L3 Experimental regular expressions

(/opt/local/share/texmf-texlive/tex/latex/l3experimental/l3str/l3tl-build.sty
Package: l3tl-build 2017/05/13 L3 Experimental token list construction
\l__tl_build_start_index_int=\count154
\l__tl_build_index_int=\count155
)
(/opt/local/share/texmf-texlive/tex/latex/l3experimental/l3str/l3tl-analysis.st
y
Package: l3tl-analysis 2017/05/13 L3 Experimental token list analysis
\l__tl_analysis_normal_int=\count156
\l__tl_analysis_index_int=\count157
\l__tl_analysis_nesting_int=\count158
\l__tl_analysis_type_int=\count159
)
(/opt/local/share/texmf-texlive/tex/latex/l3experimental/l3str/l3intarray.sty
Package: l3intarray 2017/05/13 L3 Experimental low-level arrays of small intege
rs
\g__intarray_font_int=\count160
)
\l__regex_internal_a_int=\count161
\l__regex_internal_b_int=\count162
\l__regex_internal_c_int=\count163
\l__regex_balance_int=\count164
\l__regex_group_level_int=\count165
\l__regex_mode_int=\count166
\c__regex_cs_in_class_mode_int=\count167
\c__regex_cs_mode_int=\count168
\l__regex_catcodes_int=\count169
\l__regex_default_catcodes_int=\count170
\c__regex_catcode_D_int=\count171
\c__regex_catcode_S_int=\count172
\c__regex_catcode_L_int=\count173
\c__regex_catcode_O_int=\count174
\c__regex_catcode_A_int=\count175
\c__regex_all_catcodes_int=\count176
\l__regex_show_lines_int=\count177
\l__regex_min_state_int=\count178
\l__regex_max_state_int=\count179
\l__regex_left_state_int=\count180
\l__regex_right_state_int=\count181
\l__regex_capturing_group_int=\count182
\l__regex_min_pos_int=\count183
\l__regex_max_pos_int=\count184
\l__regex_current_pos_int=\count185
\l__regex_start_pos_int=\count186
\l__regex_success_pos_int=\count187
\l__regex_current_char_int=\count188
\l__regex_current_catcode_int=\count189
\l__regex_last_char_int=\count190
\l__regex_case_changed_char_int=\count191
\l__regex_current_state_int=\count192
\l__regex_step_int=\count193
\l__regex_min_active_int=\count194
\l__regex_max_active_int=\count195
\l__regex_replacement_csnames_int=\count196
\l__regex_match_count_int=\count197
\l__regex_min_submatch_int=\count198
\l__regex_submatch_int=\count199
\l__regex_zeroth_submatch_int=\count266
) (/opt/local/share/texmf-texlive/tex/latex/amsmath/amsmath.sty
Package: amsmath 2016/11/05 v2.16a AMS math features
\@mathmargin=\skip64

For additional information on amsmath, use the `?' option.
(/opt/local/share/texmf-texlive/tex/latex/amsmath/amstext.sty
Package: amstext 2000/06/29 v2.01 AMS text

(/opt/local/share/texmf-texlive/tex/latex/amsmath/amsgen.sty
File: amsgen.sty 1999/11/30 v2.0 generic functions
\@emptytoks=\toks27
\ex@=\dimen171
))
(/opt/local/share/texmf-texlive/tex/latex/amsmath/amsbsy.sty
Package: amsbsy 1999/11/29 v1.2d Bold Symbols
\pmbraise@=\dimen172
)
(/opt/local/share/texmf-texlive/tex/latex/amsmath/amsopn.sty
Package: amsopn 2016/03/08 v2.02 operator names
)
\inf@bad=\count267
LaTeX Info: Redefining \frac on input line 213.
\uproot@=\count268
\leftroot@=\count269
LaTeX Info: Redefining \overline on input line 375.
\classnum@=\count270
\DOTSCASE@=\count271
LaTeX Info: Redefining \ldots on input line 472.
LaTeX Info: Redefining \dots on input line 475.
LaTeX Info: Redefining \cdots on input line 596.
\Mathstrutbox@=\box45
\strutbox@=\box46
\big@size=\dimen173
LaTeX Font Info:    Redeclaring font encoding OML on input line 712.
LaTeX Font Info:    Redeclaring font encoding OMS on input line 713.
\macc@depth=\count272
\c@MaxMatrixCols=\count273
\dotsspace@=\muskip17
\c@parentequation=\count274
\dspbrk@lvl=\count275
\tag@help=\toks28
\row@=\count276
\column@=\count277
\maxfields@=\count278
\andhelp@=\toks29
\eqnshift@=\dimen174
\alignsep@=\dimen175
\tagshift@=\dimen176
\tagwidth@=\dimen177
\totwidth@=\dimen178
\lineht@=\dimen179
\@envbody=\toks30
\multlinegap=\skip65
\multlinetaggap=\skip66
\mathdisplay@stack=\toks31
LaTeX Info: Redefining \[ on input line 2817.
LaTeX Info: Redefining \] on input line 2818.
)
(/opt/local/share/texmf-texlive/tex/latex/chemgreek/chemgreek.sty
(/opt/local/share/texmf-texlive/tex/latex/l3packages/xparse/xparse.sty
Package: xparse 2017/05/13 L3 Experimental document command parser
\l__xparse_current_arg_int=\count279
\g__xparse_grabber_int=\count280
\l__xparse_m_args_int=\count281
\l__xparse_mandatory_args_int=\count282
\l__xparse_v_nesting_int=\count283
)
Package: chemgreek 2016/12/20 v1.1 interfaceforuprightgreeklettersforuseinchemi
stry (CN)
\l__chemgreek_tmpa_int=\count284
\g__chemgreek_tmpa_int=\count285
.................................................
. LaTeX info: "xparse/define-command"
. 
. Defining command \newchemgreekmapping with sig. 'O{}mm' on line 336.
.................................................
.................................................
. LaTeX info: "xparse/define-command"
. 
. Defining command \renewchemgreekmapping with sig. 'O{}mm' on line 339.
.................................................
.................................................
. LaTeX info: "xparse/define-command"
. 
. Defining command \declarechemgreekmapping with sig. 'O{}mm' on line 342.
.................................................
.................................................
. LaTeX info: "xparse/define-command"
. 
. Defining command \newchemgreekmappingalias with sig. 'mm' on line 347.
.................................................
.................................................
. LaTeX info: "xparse/define-command"
. 
. Defining command \renewchemgreekmappingalias with sig. 'mm' on line 350.
.................................................
.................................................
. LaTeX info: "xparse/define-command"
. 
. Defining command \declarechemgreekmappingalias with sig. 'mm' on line 353.
.................................................
.................................................
. LaTeX info: "xparse/define-command"
. 
. Defining command \changechemgreeksymbol with sig. 'mmmm' on line 383.
.................................................
.................................................
. LaTeX info: "xparse/define-command"
. 
. Defining command \chemgreekmappingsymbol with sig. 'mm' on line 477.
.................................................
.................................................
. LaTeX info: "xparse/define-command"
. 
. Defining command \activatechemgreekmapping with sig. 'sm' on line 486.
.................................................
.................................................
. LaTeX info: "xparse/define-command"
. 
. Defining command \selectchemgreekmapping with sig. 'm' on line 491.
.................................................
)
\l__mhchem_ce_distanceFromLastComma_int=\count286
\__mhchem_arrow_extPgfLength_skip=\skip67
\mhchem@minispace@tmp=\skip68
\mhchem@minibackspace@tmp=\skip69
\mhchem@bondwidth=\skip70
\mhchem@bondheight=\skip71
\mhchem@smallbondwidth@tmpA=\skip72
\mhchem@smallbondwidth@tmpB=\skip73
\mhchem@smallbondwidth=\skip74
\mhchem@bondtmp@minussidebearingleft=\skip75
\mhchem@bondtmp@minussidebearingright=\skip76
\l__mhchem_option_version_int=\count287
\mhchem@option@minusmathsidebearingleft=\dimen180
\mhchem@option@minusmathsidebearingright=\dimen181
\mhchem@option@minustextsidebearingleft=\dimen182
\mhchem@option@minustextsidebearingright=\dimen183
)
(/opt/local/share/texmf-texlive/tex/latex/tools/dcolumn.sty
Package: dcolumn 2014/10/28 v1.06 decimal alignment package (DPC)

(/opt/local/share/texmf-texlive/tex/latex/tools/array.sty
Package: array 2016/10/06 v2.4d Tabular extension package (FMi)
\col@sep=\dimen184
\extrarowheight=\dimen185
\NC@list=\toks32
\extratabsurround=\skip77
\backup@length=\skip78
))
(/opt/local/share/texmf-texlive/tex/latex/tools/bm.sty
Package: bm 2017/01/16 v1.2c Bold Symbol Support (DPC/FMi)
\symboldoperators=\mathgroup4
\symboldletters=\mathgroup5
\symboldsymbols=\mathgroup6
LaTeX Font Info:    Redeclaring math alphabet \mathbf on input line 141.
LaTeX Info: Redefining \bm on input line 207.
)
(/opt/local/share/texmf-texlive/tex/latex/amsfonts/amssymb.sty
Package: amssymb 2013/01/14 v3.01 AMS font symbols

(/opt/local/share/texmf-texlive/tex/latex/amsfonts/amsfonts.sty
Package: amsfonts 2013/01/14 v3.01 Basic AMSFonts support
\symAMSa=\mathgroup7
\symAMSb=\mathgroup8
LaTeX Font Info:    Overwriting math alphabet `\mathfrak' in version `bold'
(Font)                  U/euf/m/n --> U/euf/b/n on input line 106.
))
(/opt/local/share/texmf-texlive/tex/latex/psnfss/mathptmx.sty
Package: mathptmx 2005/04/12 PSNFSS-v9.2a Times w/ Math, improved (SPQR, WaS) 
LaTeX Font Info:    Redeclaring symbol font `operators' on input line 28.
LaTeX Font Info:    Overwriting symbol font `operators' in version `normal'
(Font)                  OT1/cmr/m/n --> OT1/ztmcm/m/n on input line 28.
LaTeX Font Info:    Overwriting symbol font `operators' in version `bold'
(Font)                  OT1/cmr/bx/n --> OT1/ztmcm/m/n on input line 28.
LaTeX Font Info:    Redeclaring symbol font `letters' on input line 29.
LaTeX Font Info:    Overwriting symbol font `letters' in version `normal'
(Font)                  OML/cmm/m/it --> OML/ztmcm/m/it on input line 29.
LaTeX Font Info:    Overwriting symbol font `letters' in version `bold'
(Font)                  OML/cmm/b/it --> OML/ztmcm/m/it on input line 29.
LaTeX Font Info:    Redeclaring symbol font `symbols' on input line 30.
LaTeX Font Info:    Overwriting symbol font `symbols' in version `normal'
(Font)                  OMS/cmsy/m/n --> OMS/ztmcm/m/n on input line 30.
LaTeX Font Info:    Overwriting symbol font `symbols' in version `bold'
(Font)                  OMS/cmsy/b/n --> OMS/ztmcm/m/n on input line 30.
LaTeX Font Info:    Redeclaring symbol font `largesymbols' on input line 31.
LaTeX Font Info:    Overwriting symbol font `largesymbols' in version `normal'
(Font)                  OMX/cmex/m/n --> OMX/ztmcm/m/n on input line 31.
LaTeX Font Info:    Overwriting symbol font `largesymbols' in version `bold'
(Font)                  OMX/cmex/m/n --> OMX/ztmcm/m/n on input line 31.
\symbold=\mathgroup9
\symitalic=\mathgroup10
LaTeX Font Info:    Redeclaring math alphabet \mathbf on input line 34.
LaTeX Font Info:    Redeclaring math alphabet \mathit on input line 35.
LaTeX Font Info:    Overwriting math alphabet `\mathit' in version `normal'
(Font)                  OT1/cmr/m/it --> OT1/ptm/m/it on input line 35.
LaTeX Font Info:    Overwriting math alphabet `\mathit' in version `bold'
(Font)                  OT1/cmr/bx/it --> OT1/ptm/m/it on input line 35.
LaTeX Info: Redefining \hbar on input line 50.
)
(./Supplemental_Information.aux)
\openout1 = `Supplemental_Information.aux'.

LaTeX Font Info:    Checking defaults for OML/cmm/m/it on input line 41.
LaTeX Font Info:    ... okay on input line 41.
LaTeX Font Info:    Checking defaults for T1/cmr/m/n on input line 41.
LaTeX Font Info:    ... okay on input line 41.
LaTeX Font Info:    Checking defaults for OT1/cmr/m/n on input line 41.
LaTeX Font Info:    ... okay on input line 41.
LaTeX Font Info:    Checking defaults for OMS/cmsy/m/n on input line 41.
LaTeX Font Info:    ... okay on input line 41.
LaTeX Font Info:    Checking defaults for OMX/cmex/m/n on input line 41.
LaTeX Font Info:    ... okay on input line 41.
LaTeX Font Info:    Checking defaults for U/cmr/m/n on input line 41.
LaTeX Font Info:    ... okay on input line 41.
LaTeX Font Info:    Try loading font information for OT1+ptm on input line 41.

(/opt/local/share/texmf-texlive/tex/latex/psnfss/ot1ptm.fd
File: ot1ptm.fd 2001/06/04 font definitions for OT1/ptm.
)
\openout3 = `acs-Supplemental_Information.bib'.


*geometry* driver: auto-detecting
*geometry* detected driver: pdftex
*geometry* verbose mode - [ preamble ] result:
* driver: pdftex
* paper: <default>
* layout: <same size as paper>
* layoutoffset:(h,v)=(0.0pt,0.0pt)
* modes: 
* h-part:(L,W,R)=(72.2698pt, 469.75539pt, 72.2698pt)
* v-part:(T,H,B)=(72.2698pt, 650.43037pt, 72.2698pt)
* \paperwidth=614.295pt
* \paperheight=794.96999pt
* \textwidth=469.75539pt
* \textheight=650.43037pt
* \oddsidemargin=-0.00018pt
* \evensidemargin=-0.00018pt
* \topmargin=-37.00018pt
* \headheight=12.0pt
* \headsep=25.0pt
* \topskip=12.0pt
* \footskip=30.0pt
* \marginparwidth=44.0pt
* \marginparsep=10.0pt
* \columnsep=10.0pt
* \skip\footins=10.8pt plus 4.0pt minus 2.0pt
* \hoffset=0.0pt
* \voffset=0.0pt
* \mag=1000
* \@twocolumnfalse
* \@twosidefalse
* \@mparswitchfalse
* \@reversemarginfalse
* (1in=72.27pt=25.4mm, 1cm=28.453pt)

Package caption Info: Begin \AtBeginDocument code.
Package caption Info: float package is loaded.
Package caption Info: wrapfig package is loaded.
Package caption Info: End \AtBeginDocument code.
(/opt/local/share/texmf-texlive/tex/context/base/mkii/supp-pdf.mkii
[Loading MPS to PDF converter (version 2006.09.02).]
\scratchcounter=\count288
\scratchdimen=\dimen186
\scratchbox=\box47
\nofMPsegments=\count289
\nofMParguments=\count290
\everyMPshowfont=\toks33
\MPscratchCnt=\count291
\MPscratchDim=\dimen187
\MPnumerator=\count292
\makeMPintoPDFobject=\count293
\everyMPtoPDFconversion=\toks34
) (/opt/local/share/texmf-texlive/tex/generic/oberdiek/pdftexcmds.sty
Package: pdftexcmds 2017/03/19 v0.25 Utility functions of pdfTeX for LuaTeX (HO
)

(/opt/local/share/texmf-texlive/tex/generic/oberdiek/ifluatex.sty
Package: ifluatex 2016/05/16 v1.4 Provides the ifluatex switch (HO)
Package ifluatex Info: LuaTeX not detected.
)
Package pdftexcmds Info: LuaTeX not detected.
Package pdftexcmds Info: \pdf@primitive is available.
Package pdftexcmds Info: \pdf@ifprimitive is available.
Package pdftexcmds Info: \pdfdraftmode found.
)
(/opt/local/share/texmf-texlive/tex/latex/oberdiek/epstopdf-base.sty
Package: epstopdf-base 2016/05/15 v2.6 Base part for package epstopdf

(/opt/local/share/texmf-texlive/tex/latex/oberdiek/grfext.sty
Package: grfext 2016/05/16 v1.2 Manage graphics extensions (HO)

(/opt/local/share/texmf-texlive/tex/generic/oberdiek/kvdefinekeys.sty
Package: kvdefinekeys 2016/05/16 v1.4 Define keys (HO)
))
(/opt/local/share/texmf-texlive/tex/latex/oberdiek/kvoptions.sty
Package: kvoptions 2016/05/16 v3.12 Key value format for package options (HO)

(/opt/local/share/texmf-texlive/tex/generic/oberdiek/kvsetkeys.sty
Package: kvsetkeys 2016/05/16 v1.17 Key value parser (HO)

(/opt/local/share/texmf-texlive/tex/generic/oberdiek/etexcmds.sty
Package: etexcmds 2016/05/16 v1.6 Avoid name clashes with e-TeX commands (HO)
Package etexcmds Info: Could not find \expanded.
(etexcmds)             That can mean that you are not using pdfTeX 1.50 or
(etexcmds)             that some package has redefined \expanded.
(etexcmds)             In the latter case, load this package earlier.
)))
Package epstopdf-base Info: Redefining graphics rule for `.eps' on input line 4
38.
Package grfext Info: Graphics extension search list:
(grfext)             [.png,.pdf,.jpg,.mps,.jpeg,.jbig2,.jb2,.PNG,.PDF,.JPG,.JPE
G,.JBIG2,.JB2,.eps]
(grfext)             \AppendGraphicsExtensions on input line 456.

(/opt/local/share/texmf-texlive/tex/latex/latexconfig/epstopdf-sys.cfg
File: epstopdf-sys.cfg 2010/07/13 v1.3 Configuration of (r)epstopdf for TeX Liv
e
))
.................................................
. chemgreek info: "mapping-activated"
. 
. Activating mapping `default' on line 41.
.................................................
LaTeX Font Info:    Font shape `OT1/ptm/bx/n' in size <12> not available
(Font)              Font shape `OT1/ptm/b/n' tried instead on input line 41.
LaTeX Font Info:    Try loading font information for OT1+phv on input line 41.

(/opt/local/share/texmf-texlive/tex/latex/psnfss/ot1phv.fd
File: ot1phv.fd 2001/06/04 scalable font definitions for OT1/phv.
)
LaTeX Font Info:    Font shape `OT1/phv/bx/n' in size <12> not available
(Font)              Font shape `OT1/phv/b/n' tried instead on input line 41.
LaTeX Font Info:    Font shape `OT1/phv/bx/n' in size <20.74> not available
(Font)              Font shape `OT1/phv/b/n' tried instead on input line 41.
LaTeX Font Info:    Try loading font information for OT1+ztmcm on input line 41
.

(/opt/local/share/texmf-texlive/tex/latex/psnfss/ot1ztmcm.fd
File: ot1ztmcm.fd 2000/01/03 Fontinst v1.801 font definitions for OT1/ztmcm.
)
LaTeX Font Info:    Try loading font information for OML+ztmcm on input line 41
.

(/opt/local/share/texmf-texlive/tex/latex/psnfss/omlztmcm.fd
File: omlztmcm.fd 2000/01/03 Fontinst v1.801 font definitions for OML/ztmcm.
)
LaTeX Font Info:    Try loading font information for OMS+ztmcm on input line 41
.

(/opt/local/share/texmf-texlive/tex/latex/psnfss/omsztmcm.fd
File: omsztmcm.fd 2000/01/03 Fontinst v1.801 font definitions for OMS/ztmcm.
)
LaTeX Font Info:    Try loading font information for OMX+ztmcm on input line 41
.

(/opt/local/share/texmf-texlive/tex/latex/psnfss/omxztmcm.fd
File: omxztmcm.fd 2000/01/03 Fontinst v1.801 font definitions for OMX/ztmcm.
)
LaTeX Font Info:    Font shape `OT1/ptm/bx/n' in size <20.74> not available
(Font)              Font shape `OT1/ptm/b/n' tried instead on input line 41.
LaTeX Font Info:    Font shape `OT1/ptm/bx/n' in size <14.4> not available
(Font)              Font shape `OT1/ptm/b/n' tried instead on input line 41.
LaTeX Font Info:    Font shape `OT1/ptm/bx/n' in size <10.95> not available
(Font)              Font shape `OT1/ptm/b/n' tried instead on input line 41.
LaTeX Font Info:    Font shape `OT1/ptm/bx/n' in size <8> not available
(Font)              Font shape `OT1/ptm/b/n' tried instead on input line 41.
LaTeX Font Info:    Font shape `OT1/ptm/bx/n' in size <6> not available
(Font)              Font shape `OT1/ptm/b/n' tried instead on input line 41.
LaTeX Font Info:    Font shape `OT1/ptm/bx/n' in size <9> not available
(Font)              Font shape `OT1/ptm/b/n' tried instead on input line 41.
LaTeX Font Info:    Font shape `OT1/ptm/bx/n' in size <7> not available
(Font)              Font shape `OT1/ptm/b/n' tried instead on input line 41.
 [1

{/opt/local/var/db/texmf/fonts/map/pdftex/updmap/pdftex.map}]
LaTeX Font Info:    Font shape `OT1/ptm/bx/n' in size <17.28> not available
(Font)              Font shape `OT1/ptm/b/n' tried instead on input line 43.

<Pyr_comic_strip.pdf, id=11, 688.5725pt x 487.8225pt>
File: Pyr_comic_strip.pdf Graphic file (type pdf)

<use Pyr_comic_strip.pdf>
Package pdftex.def Info: Pyr_comic_strip.pdf used on input line 88.
(pdftex.def)             Requested size: 469.75539pt x 332.80167pt.
 [2]
<Bas_comic_strip.pdf, id=20, 702.625pt x 548.0475pt>
File: Bas_comic_strip.pdf Graphic file (type pdf)
 <use Bas_comic_strip.pdf>
Package pdftex.def Info: Bas_comic_strip.pdf used on input line 102.
(pdftex.def)             Requested size: 469.75539pt x 366.42056pt.

<Pri_comic_strip.pdf, id=21, 689.57625pt x 493.845pt>
File: Pri_comic_strip.pdf Graphic file (type pdf)

<use Pri_comic_strip.pdf>
Package pdftex.def Info: Pri_comic_strip.pdf used on input line 109.
(pdftex.def)             Requested size: 469.75539pt x 336.42052pt.
 <Pyr_lcorrz.pdf, id=22, 772.8875pt x 499.8675pt>
File: Pyr_lcorrz.pdf Graphic file (type pdf)

<use Pyr_lcorrz.pdf>
Package pdftex.def Info: Pyr_lcorrz.pdf used on input line 119.
(pdftex.def)             Requested size: 469.75539pt x 303.81276pt.
 <Bas_lcorrz.pdf, id=23, 779.91376pt x 499.8675pt>
File: Bas_lcorrz.pdf Graphic file (type pdf)

<use Bas_lcorrz.pdf>
Package pdftex.def Info: Bas_lcorrz.pdf used on input line 133.
(pdftex.def)             Requested size: 469.75539pt x 301.07454pt.
 <Pri_lcorrz.pdf, id=24, 772.8875pt x 499.8675pt>
File: Pri_lcorrz.pdf Graphic file (type pdf)

<use Pri_lcorrz.pdf>
Package pdftex.def Info: Pri_lcorrz.pdf used on input line 140.
(pdftex.def)             Requested size: 469.75539pt x 303.81276pt.
 <hb.pdf, id=25, 698.61pt x 497.86pt>
File: hb.pdf Graphic file (type pdf)
 <use hb.pdf>
Package pdftex.def Info: hb.pdf used on input line 147.
(pdftex.def)             Requested size: 469.75539pt x 334.77234pt.
 [3 <./Pyr_comic_strip.pdf>] [4 <./Bas_comic_strip.pdf>] [5 <./Pri_comic_strip.
pdf>]
[6 <./Pyr_lcorrz.pdf>] [7 <./Bas_lcorrz.pdf>] [8 <./Pri_lcorrz.pdf>] [9 <./hb.p
df>] (./Supplemental_Information.aux) ) 
Here is how much of TeX's memory you used:
 15166 strings out of 494936
 279217 string characters out of 6180786
 339726 words of memory out of 5000000
 18225 multiletter control sequences out of 15000+600000
 585138 words of font info for 151 fonts, out of 8000000 for 9000
 14 hyphenation exceptions out of 8191
 60i,8n,94p,10378b,471s stack positions out of 5000i,500n,10000p,200000b,80000s
{/opt/local/share/texmf-texlive/fonts/en
c/dvips/base/8r.enc}</opt/local/share/texmf-texlive/fonts/type1/public/amsfonts
/cm/cmex10.pfb></opt/local/share/texmf-texlive/fonts/type1/public/amsfonts/cm/c
mmi10.pfb></opt/local/share/texmf-texlive/fonts/type1/public/amsfonts/cm/cmr10.
pfb></opt/local/share/texmf-texlive/fonts/type1/public/amsfonts/cm/cmsy10.pfb><
/opt/local/share/texmf-texlive/fonts/type1/urw/helvetic/uhvb8a.pfb></opt/local/
share/texmf-texlive/fonts/type1/urw/helvetic/uhvr8a.pfb></opt/local/share/texmf
-texlive/fonts/type1/urw/symbol/usyr.pfb></opt/local/share/texmf-texlive/fonts/
type1/urw/times/utmb8a.pfb></opt/local/share/texmf-texlive/fonts/type1/urw/time
s/utmr8a.pfb></opt/local/share/texmf-texlive/fonts/type1/urw/times/utmri8a.pfb>
Output written on Supplemental_Information.pdf (9 pages, 594262 bytes).
PDF statistics:
 247 PDF objects out of 1000 (max. 8388607)
 183 compressed objects within 2 object streams
 0 named destinations out of 1000 (max. 500000)
 36 words of extra memory for PDF output out of 10000 (max. 10000000)

