This is pdfTeX, Version 3.14159265-2.6-1.40.16 (TeX Live 2015/MacPorts 2015_3) (preloaded format=pdflatex 2015.8.11)  13 OCT 2015 15:33
entering extended mode
 restricted \write18 enabled.
 %&-line parsing enabled.
**Summary
(./Summary.tex
LaTeX2e <2015/01/01>
Babel <3.9l> and hyphenation patterns for 2 languages loaded.
(/opt/local/share/texmf-texlive/tex/latex/revtex/revtex4-1.cls
Document Class: revtex4-1 2010/07/25/20:33:00 4.1r (http://publish.aps.org/revt
ex4/ for documentation)
 Copyright (c) 2009 The American Physical Society.
 mailto:revtex@aps.org
 Licensed under the LPPL:
http://www.ctan.org/tex-archive/macros/latex/base/lppl.txt
 Arthur Ogawa <arthur_ogawa at sbcglobal dot net>
 Based on work by David Carlisle <david at dcarlisle.demon.co.uk>.
ltxutil[2010/07/25/20:33:00 4.1r utilities package (portions licensed from W. E
. Baxter web at superscript.com)]
LaTeX Info: Redefining \@centercr on input line 308.
Class revtex4-1 Info: Repairing broken LaTeX eqnarray on input line 358.
\eqncolsep=\skip41
Class revtex4-1 Info: Repairing hyperref-unfriendly LaTeX definition of \mpfoot
note on input line 433.
Class revtex4-1 Info: Repairing broken LateX \@sect on input line 755.
\intertabularlinepenalty=\count79
\@tbpen=\count80
\@arstrutbox@hline=\box26
Class revtex4-1 Info: Repairing broken LaTeX \@xbitor on input line 1786.
Class revtex4-1 Info: Making \typeout \long on input line 2046.
ltxfront[2010/07/25/20:33:00 4.1r frontmatter package (AO,DPC)]
\c@affil=\count81
\c@collab=\count82
\absbox=\box27
ltxgrid[2010/07/25/20:33:00 4.1r page grid package (portions licensed from W. E
. Baxter web at superscript.com)]
\c@linecount=\count83
\output@latex=\toks14
\box@size@1=\box28
\box@size@2=\box29
\@protection@box=\box30
\@topmark@saved=\toks15
\footins@saved=\box31
\footins@recovered=\box32
\column@recovered=\box33
\pagesofar=\box34
\footsofar=\box35
\pagegrid@col=\count84
Class revtex4-1 Info: Overriding \@vspace, \@vspacer, \@no@pgbk, \@newline, and
 \\  on input line 5578.
\c@part=\count85
\c@section=\count86
\c@subsection=\count87
\c@subsubsection=\count88
\c@paragraph=\count89
\c@subparagraph=\count90
\abovecaptionskip=\skip42
\belowcaptionskip=\skip43
\c@figure=\count91
\fbox@1=\box36
\c@table=\count92
\fbox@2=\box37
\c@video=\count93
\fbox@4=\box38
\@bibdataout=\write3
\widetext@top=\box39
\widetext@bot=\box40
Class revtex4-1 Info: Selecting society aps on input line 7542.
(/opt/local/share/texmf-texlive/tex/latex/revtex/aps4-1.rtx
File: aps4-1 2010/07/25/20:33:00 4.1r (http://publish.aps.org/revtex4/ for docu
mentation)
Class revtex4-1 Info: RevTeX society APS selected on input line 31.
)
Class revtex4-1 Info: Selecting journal prl on input line 7544.
Class revtex4-1 Info: APS journal PRL selected on input line 7545.

(/opt/local/share/texmf-texlive/tex/latex/revtex/aps10pt4-1.rtx
File: aps10pt4-1 2010/07/25/20:33:00 4.1r (http://publish.aps.org/revtex4/ for 
documentation)
Class revtex4-1 Info: RevTeX pointsize 10pt selected on input line 30.
)
(/opt/local/share/texmf-texlive/tex/latex/textcase/textcase.sty
Package: textcase 2004/10/07 v0.07 Text only upper/lower case changing (DPC)
)
(/opt/local/share/texmf-texlive/tex/latex/url/url.sty
\Urlmuskip=\muskip10
Package: url 2013/09/16  ver 3.4  Verb mode for urls, etc.
)
(/opt/local/share/texmf-texlive/tex/latex/natbib/natbib.sty
Package: natbib 2010/09/13 8.31b (PWD, AO)
\bibhang=\skip44
\bibsep=\skip45
LaTeX Info: Redefining \cite on input line 694.
\c@NAT@ctr=\count94
)
Class revtex4-1 Info: Repairing natbib's \BibitemShut on input line 7549.

(/opt/local/share/texmf-texlive/tex/latex/revtex/revsymb4-1.sty
Package: revsymb4-1 2010/07/25/20:33:00 4.1r (http://publish.aps.org/revtex4/ f
or documentation)
LaTeX Info: Redefining \REV@mathfrak on input line 119.
))
(/opt/local/share/texmf-texlive/tex/latex/graphics/graphicx.sty
Package: graphicx 2014/10/28 v1.0g Enhanced LaTeX Graphics (DPC,SPQR)

(/opt/local/share/texmf-texlive/tex/latex/graphics/keyval.sty
Package: keyval 2014/10/28 v1.15 key=value parser (DPC)
\KV@toks@=\toks16
)
(/opt/local/share/texmf-texlive/tex/latex/graphics/graphics.sty
Package: graphics 2014/10/28 v1.0p Standard LaTeX Graphics (DPC,SPQR)

(/opt/local/share/texmf-texlive/tex/latex/graphics/trig.sty
Package: trig 1999/03/16 v1.09 sin cos tan (DPC)
)
(/opt/local/share/texmf-texlive/tex/latex/latexconfig/graphics.cfg
File: graphics.cfg 2010/04/23 v1.9 graphics configuration of TeX Live
)
Package graphics Info: Driver file: pdftex.def on input line 94.

(/opt/local/share/texmf-texlive/tex/latex/pdftex-def/pdftex.def
File: pdftex.def 2011/05/27 v0.06d Graphics/color for pdfTeX

(/opt/local/share/texmf-texlive/tex/generic/oberdiek/infwarerr.sty
Package: infwarerr 2010/04/08 v1.3 Providing info/warning/error messages (HO)
)
(/opt/local/share/texmf-texlive/tex/generic/oberdiek/ltxcmds.sty
Package: ltxcmds 2011/11/09 v1.22 LaTeX kernel commands for general use (HO)
)
\Gread@gobject=\count95
))
\Gin@req@height=\dimen102
\Gin@req@width=\dimen103
)
(/opt/local/share/texmf-texlive/tex/latex/graphics/color.sty
Package: color 2014/10/28 v1.1a Standard LaTeX Color (DPC)

(/opt/local/share/texmf-texlive/tex/latex/latexconfig/color.cfg
File: color.cfg 2007/01/18 v1.5 color configuration of teTeX/TeXLive
)
Package color Info: Driver file: pdftex.def on input line 142.
)
(/opt/local/share/texmf-texlive/tex/latex/tools/bm.sty
Package: bm 2014/10/28 v1.1c Bold Symbol Support (DPC/FMi)
\symboldoperators=\mathgroup4
\symboldletters=\mathgroup5
\symboldsymbols=\mathgroup6
LaTeX Font Info:    Redeclaring math alphabet \mathbf on input line 141.
LaTeX Info: Redefining \bm on input line 207.
)
(/opt/local/share/texmf-texlive/tex/latex/amsmath/amsmath.sty
Package: amsmath 2013/01/14 v2.14 AMS math features
\@mathmargin=\skip46

For additional information on amsmath, use the `?' option.
(/opt/local/share/texmf-texlive/tex/latex/amsmath/amstext.sty
Package: amstext 2000/06/29 v2.01

(/opt/local/share/texmf-texlive/tex/latex/amsmath/amsgen.sty
File: amsgen.sty 1999/11/30 v2.0
\@emptytoks=\toks17
\ex@=\dimen104
)
LaTeX Info: Redefining \text on input line 39.
)
(/opt/local/share/texmf-texlive/tex/latex/amsmath/amsbsy.sty
Package: amsbsy 1999/11/29 v1.2d
LaTeX Info: Redefining \boldsymbol on input line 39.
\pmbraise@=\dimen105
)
(/opt/local/share/texmf-texlive/tex/latex/amsmath/amsopn.sty
Package: amsopn 1999/12/14 v2.01 operator names
)
\inf@bad=\count96
LaTeX Info: Redefining \frac on input line 210.
\uproot@=\count97
\leftroot@=\count98
LaTeX Info: Redefining \overline on input line 306.
\classnum@=\count99
\DOTSCASE@=\count100
LaTeX Info: Redefining \ldots on input line 378.
LaTeX Info: Redefining \dots on input line 381.
LaTeX Info: Redefining \cdots on input line 466.
\Mathstrutbox@=\box41
\strutbox@=\box42
\big@size=\dimen106
LaTeX Font Info:    Redeclaring font encoding OML on input line 566.
LaTeX Font Info:    Redeclaring font encoding OMS on input line 567.
\macc@depth=\count101
\c@MaxMatrixCols=\count102
\dotsspace@=\muskip11
\c@parentequation=\count103
\dspbrk@lvl=\count104
\tag@help=\toks18
\row@=\count105
\column@=\count106
\maxfields@=\count107
\andhelp@=\toks19
\eqnshift@=\dimen107
\alignsep@=\dimen108
\tagshift@=\dimen109
\tagwidth@=\dimen110
\totwidth@=\dimen111
\lineht@=\dimen112
\@envbody=\toks20
\multlinegap=\skip47
\multlinetaggap=\skip48
\mathdisplay@stack=\toks21
LaTeX Info: Redefining \[ on input line 2665.
LaTeX Info: Redefining \] on input line 2666.
)
(/opt/local/share/texmf-texlive/tex/latex/multirow/multirow.sty
\bigstrutjot=\dimen113
)
(/opt/local/share/texmf-texlive/tex/latex/caption/subcaption.sty
Package: subcaption 2013/02/03 v1.1-62 Sub-captions (AR)

(/opt/local/share/texmf-texlive/tex/latex/caption/caption.sty
Package: caption 2013/05/02 v3.3-89 Customizing captions (AR)

(/opt/local/share/texmf-texlive/tex/latex/caption/caption3.sty
Package: caption3 2013/05/02 v1.6-88 caption3 kernel (AR)
Package caption3 Info: TeX engine: e-TeX on input line 57.
\captionmargin=\dimen114
\captionmargin@=\dimen115
\captionwidth=\dimen116
\caption@tempdima=\dimen117
\caption@indent=\dimen118
\caption@parindent=\dimen119
\caption@hangindent=\dimen120
Package caption Info: Unknown document class (or package),
(caption)             standard defaults will be used.
)

Package caption Warning: Unsupported document class (or package) detected,
(caption)                usage of the caption package is not recommended.
See the caption package documentation for explanation.

Package caption Info: \@makecaption = \long macro:#1#2->\par \vskip \abovecapti
onskip \begingroup \small \rmfamily \sbox \@tempboxa {\let \\\heading@cr \@make
@capt@title {#1}{#2}}\@ifdim {\wd \@tempboxa >\hsize }{\begingroup \samepage \f
lushing \let \footnote \@footnotemark@gobble \@make@capt@title {#1}{#2}\par \en
dgroup }{\global \@minipagefalse \hb@xt@ \hsize {\hfil \unhbox \@tempboxa \hfil
 }}\endgroup \vskip \belowcaptionskip .
\c@ContinuedFloat=\count108
)
\c@subfigure=\count109
\c@subtable=\count110
) (/opt/local/share/texmf-texlive/tex/latex/ltxmisc/topcapt.sty
Package: topcapt 2004/12/11 v1.2 Caption at top of float
)
(/opt/local/share/texmf-texlive/tex/latex/hyperref/hyperref.sty
Package: hyperref 2012/11/06 v6.83m Hypertext links for LaTeX

(/opt/local/share/texmf-texlive/tex/generic/oberdiek/hobsub-hyperref.sty
Package: hobsub-hyperref 2012/05/28 v1.13 Bundle oberdiek, subset hyperref (HO)


(/opt/local/share/texmf-texlive/tex/generic/oberdiek/hobsub-generic.sty
Package: hobsub-generic 2012/05/28 v1.13 Bundle oberdiek, subset generic (HO)
Package: hobsub 2012/05/28 v1.13 Construct package bundles (HO)
Package hobsub Info: Skipping package `infwarerr' (already loaded).
Package hobsub Info: Skipping package `ltxcmds' (already loaded).
Package: ifluatex 2010/03/01 v1.3 Provides the ifluatex switch (HO)
Package ifluatex Info: LuaTeX not detected.
Package: ifvtex 2010/03/01 v1.5 Detect VTeX and its facilities (HO)
Package ifvtex Info: VTeX not detected.
Package: intcalc 2007/09/27 v1.1 Expandable calculations with integers (HO)
Package: ifpdf 2011/01/30 v2.3 Provides the ifpdf switch (HO)
Package ifpdf Info: pdfTeX in PDF mode is detected.
Package: etexcmds 2011/02/16 v1.5 Avoid name clashes with e-TeX commands (HO)
Package etexcmds Info: Could not find \expanded.
(etexcmds)             That can mean that you are not using pdfTeX 1.50 or
(etexcmds)             that some package has redefined \expanded.
(etexcmds)             In the latter case, load this package earlier.
Package: kvsetkeys 2012/04/25 v1.16 Key value parser (HO)
Package: kvdefinekeys 2011/04/07 v1.3 Define keys (HO)
Package: pdftexcmds 2011/11/29 v0.20 Utility functions of pdfTeX for LuaTeX (HO
)
Package pdftexcmds Info: LuaTeX not detected.
Package pdftexcmds Info: \pdf@primitive is available.
Package pdftexcmds Info: \pdf@ifprimitive is available.
Package pdftexcmds Info: \pdfdraftmode found.
Package: pdfescape 2011/11/25 v1.13 Implements pdfTeX's escape features (HO)
Package: bigintcalc 2012/04/08 v1.3 Expandable calculations on big integers (HO
)
Package: bitset 2011/01/30 v1.1 Handle bit-vector datatype (HO)
Package: uniquecounter 2011/01/30 v1.2 Provide unlimited unique counter (HO)
)
Package hobsub Info: Skipping package `hobsub' (already loaded).
Package: letltxmacro 2010/09/02 v1.4 Let assignment for LaTeX macros (HO)
Package: hopatch 2012/05/28 v1.2 Wrapper for package hooks (HO)
Package: xcolor-patch 2011/01/30 xcolor patch
Package: atveryend 2011/06/30 v1.8 Hooks at the very end of document (HO)
Package: atbegshi 2011/10/05 v1.16 At begin shipout hook (HO)
Package: refcount 2011/10/16 v3.4 Data extraction from label references (HO)
Package: hycolor 2011/01/30 v1.7 Color options for hyperref/bookmark (HO)
)
(/opt/local/share/texmf-texlive/tex/generic/ifxetex/ifxetex.sty
Package: ifxetex 2010/09/12 v0.6 Provides ifxetex conditional
)
(/opt/local/share/texmf-texlive/tex/latex/oberdiek/auxhook.sty
Package: auxhook 2011/03/04 v1.3 Hooks for auxiliary files (HO)
)
(/opt/local/share/texmf-texlive/tex/latex/oberdiek/kvoptions.sty
Package: kvoptions 2011/06/30 v3.11 Key value format for package options (HO)
)
\@linkdim=\dimen121
\Hy@linkcounter=\count111
\Hy@pagecounter=\count112

(/opt/local/share/texmf-texlive/tex/latex/hyperref/pd1enc.def
File: pd1enc.def 2012/11/06 v6.83m Hyperref: PDFDocEncoding definition (HO)
)
\Hy@SavedSpaceFactor=\count113

(/opt/local/share/texmf-texlive/tex/latex/latexconfig/hyperref.cfg
File: hyperref.cfg 2002/06/06 v1.2 hyperref configuration of TeXLive
)
Package hyperref Info: Hyper figures OFF on input line 4443.
Package hyperref Info: Link nesting OFF on input line 4448.
Package hyperref Info: Hyper index ON on input line 4451.
Package hyperref Info: Plain pages OFF on input line 4458.
Package hyperref Info: Backreferencing OFF on input line 4463.
Package hyperref Info: Implicit mode ON; LaTeX internals redefined.
Package hyperref Info: Bookmarks ON on input line 4688.
LaTeX Info: Redefining \href on input line 4952.
\c@Hy@tempcnt=\count114
LaTeX Info: Redefining \url on input line 5041.
\XeTeXLinkMargin=\dimen122
\Fld@menulength=\count115
\Field@Width=\dimen123
\Fld@charsize=\dimen124
Package hyperref Info: Hyper figures OFF on input line 6295.
Package hyperref Info: Link nesting OFF on input line 6300.
Package hyperref Info: Hyper index ON on input line 6303.
Package hyperref Info: backreferencing OFF on input line 6310.
Package hyperref Info: Link coloring OFF on input line 6315.
Package hyperref Info: Link coloring with OCG OFF on input line 6320.
Package hyperref Info: PDF/A mode OFF on input line 6325.
LaTeX Info: Redefining \ref on input line 6365.
LaTeX Info: Redefining \pageref on input line 6369.
\Hy@abspage=\count116
\c@Item=\count117
\c@Hfootnote=\count118
)

Package hyperref Message: Driver (autodetected): hpdftex.

(/opt/local/share/texmf-texlive/tex/latex/hyperref/hpdftex.def
File: hpdftex.def 2012/11/06 v6.83m Hyperref driver for pdfTeX
\Fld@listcount=\count119
\c@bookmark@seq@number=\count120

(/opt/local/share/texmf-texlive/tex/latex/oberdiek/rerunfilecheck.sty
Package: rerunfilecheck 2011/04/15 v1.7 Rerun checks for auxiliary files (HO)
Package uniquecounter Info: New unique counter `rerunfilecheck' on input line 2
82.
)
\Hy@SectionHShift=\skip49
)
Class revtex4-1 Info: Patching LaTeX tabular. on input line 7.
Class revtex4-1 Info: Robustifying \LaTeX's \boldmath command on input line 7.
Class revtex4-1 Info: cite was not loaded (OK!) on input line 7.
Class revtex4-1 Info: mcite was not loaded (OK!) on input line 7.
Class revtex4-1 Info: multicol was not loaded (OK!) on input line 7.


LaTeX Warning: Unused global option(s):
    [jcp].

(./Summary.aux)
\openout1 = `Summary.aux'.

LaTeX Font Info:    Checking defaults for OML/cmm/m/it on input line 7.
LaTeX Font Info:    ... okay on input line 7.
LaTeX Font Info:    Checking defaults for T1/cmr/m/n on input line 7.
LaTeX Font Info:    ... okay on input line 7.
LaTeX Font Info:    Checking defaults for OT1/cmr/m/n on input line 7.
LaTeX Font Info:    ... okay on input line 7.
LaTeX Font Info:    Checking defaults for OMS/cmsy/m/n on input line 7.
LaTeX Font Info:    ... okay on input line 7.
LaTeX Font Info:    Checking defaults for OMX/cmex/m/n on input line 7.
LaTeX Font Info:    ... okay on input line 7.
LaTeX Font Info:    Checking defaults for U/cmr/m/n on input line 7.
LaTeX Font Info:    ... okay on input line 7.
LaTeX Font Info:    Checking defaults for PD1/pdf/m/n on input line 7.
LaTeX Font Info:    ... okay on input line 7.
 (/opt/local/share/texmf-texlive/tex/context/base/supp-pdf.mkii
[Loading MPS to PDF converter (version 2006.09.02).]
\scratchcounter=\count121
\scratchdimen=\dimen125
\scratchbox=\box43
\nofMPsegments=\count122
\nofMParguments=\count123
\everyMPshowfont=\toks22
\MPscratchCnt=\count124
\MPscratchDim=\dimen126
\MPnumerator=\count125
\makeMPintoPDFobject=\count126
\everyMPtoPDFconversion=\toks23
) (/opt/local/share/texmf-texlive/tex/latex/oberdiek/epstopdf-base.sty
Package: epstopdf-base 2010/02/09 v2.5 Base part for package epstopdf

(/opt/local/share/texmf-texlive/tex/latex/oberdiek/grfext.sty
Package: grfext 2010/08/19 v1.1 Manage graphics extensions (HO)
)
Package grfext Info: Graphics extension search list:
(grfext)             [.png,.pdf,.jpg,.mps,.jpeg,.jbig2,.jb2,.PNG,.PDF,.JPG,.JPE
G,.JBIG2,.JB2,.eps]
(grfext)             \AppendGraphicsExtensions on input line 452.

(/opt/local/share/texmf-texlive/tex/latex/latexconfig/epstopdf-sys.cfg
File: epstopdf-sys.cfg 2010/07/13 v1.3 Configuration of (r)epstopdf for TeX Liv
e
))
Package caption Info: Begin \AtBeginDocument code.
Package caption Info: `topcapt' package detected; setting `position=b' for comp
atibility reasons.
Package caption Info: hyperref package is loaded.
Package caption Info: End \AtBeginDocument code.
\AtBeginShipoutBox=\box44
Package hyperref Info: Link coloring OFF on input line 7.

(/opt/local/share/texmf-texlive/tex/latex/hyperref/nameref.sty
Package: nameref 2012/10/27 v2.43 Cross-referencing by name of section

(/opt/local/share/texmf-texlive/tex/generic/oberdiek/gettitlestring.sty
Package: gettitlestring 2010/12/03 v1.4 Cleanup title references (HO)
)
\c@section@level=\count127
)
LaTeX Info: Redefining \ref on input line 7.
LaTeX Info: Redefining \pageref on input line 7.
LaTeX Info: Redefining \nameref on input line 7.

(./Summary.out) (./Summary.out)
\@outlinefile=\write4
\openout4 = `Summary.out'.

Class revtex4-1 Info: Taking \maketitle back from hyperref on input line 7.
\openout3 = `SummaryNotes.bib'.



Package hyperref Warning: Token not allowed in a PDF string (PDFDocEncoding):
(hyperref)                removing `math shift' on input line 23.


Package hyperref Warning: Token not allowed in a PDF string (PDFDocEncoding):
(hyperref)                removing `subscript' on input line 23.


Package hyperref Warning: Token not allowed in a PDF string (PDFDocEncoding):
(hyperref)                removing `math shift' on input line 23.


Overfull \hbox (2.0691pt too wide) in paragraph at lines 97--110
 []$[]$ 
 []

[1{/opt/local/var/db/texmf/fonts/map/pdftex/updmap/pdftex.map}]
<Tm_Ih_Qbar_plot.pdf, id=94, 675.52374pt x 501.875pt>
File: Tm_Ih_Qbar_plot.pdf Graphic file (type pdf)

<use Tm_Ih_Qbar_plot.pdf>
Package pdftex.def Info: Tm_Ih_Qbar_plot.pdf used on input line 128.
(pdftex.def)             Requested size: 255.0pt x 189.45091pt.

Overfull \hbox (9.0pt too wide) in paragraph at lines 128--129
 [][] 
 []

<Tm_Ih_TraQ_plot.pdf, id=95, 681.54625pt x 501.875pt>
File: Tm_Ih_TraQ_plot.pdf Graphic file (type pdf)

<use Tm_Ih_TraQ_plot.pdf>
Package pdftex.def Info: Tm_Ih_TraQ_plot.pdf used on input line 133.
(pdftex.def)             Requested size: 255.0pt x 187.7738pt.

Overfull \hbox (9.0pt too wide) in paragraph at lines 133--134
 [][] 
 []


Overfull \hbox (12.67195pt too wide) in paragraph at lines 176--184
 []$[]$ 
 []

<dimer.pdf, id=102, 583.17876pt x 436.63126pt>
File: dimer.pdf Graphic file (type pdf)
 <use dimer.pdf>
Package pdftex.def Info: dimer.pdf used on input line 198.
(pdftex.def)             Requested size: 255.0pt x 190.9191pt.

Overfull \hbox (9.0pt too wide) in paragraph at lines 198--199
 [][] 
 []


LaTeX Warning: `!h' float specifier changed to `!ht'.

[2 <./Tm_Ih_Qbar_plot.pdf> <./Tm_Ih_TraQ_plot.pdf>]

LaTeX Warning: A float is stuck (cannot be placed); try class option [floatfix]
 on input line 216.

<Test17_plot.pdf, id=130, 683.78459pt x 478.98952pt>
File: Test17_plot.pdf Graphic file (type pdf)
 <use Test17_plot.pdf>
Package pdftex.def Info: Test17_plot.pdf used on input line 240.
(pdftex.def)             Requested size: 255.0pt x 178.62663pt.

Overfull \hbox (9.0pt too wide) in paragraph at lines 240--241
 [][] 
 []


LaTeX Warning: `!h' float specifier changed to `!ht'.

<Test1_plot.pdf, id=132, 666.72084pt x 478.98952pt>
File: Test1_plot.pdf Graphic file (type pdf)
 <use Test1_plot.pdf>
Package pdftex.def Info: Test1_plot.pdf used on input line 261.
(pdftex.def)             Requested size: 255.0pt x 183.19461pt.

Overfull \hbox (9.0pt too wide) in paragraph at lines 261--262
 [][] 
 []

[3 <./dimer.pdf> <./Test17_plot.pdf> <./Test1_plot.pdf>]
<Test2_plot.pdf, id=156, 675.20255pt x 475.12506pt>
File: Test2_plot.pdf Graphic file (type pdf)
 <use Test2_plot.pdf>
Package pdftex.def Info: Test2_plot.pdf used on input line 278.
(pdftex.def)             Requested size: 255.0pt x 179.44017pt.

Overfull \hbox (9.0pt too wide) in paragraph at lines 278--279
 [][] 
 []


Package hyperref Warning: Token not allowed in a PDF string (PDFDocEncoding):
(hyperref)                removing `math shift' on input line 282.


Package hyperref Warning: Token not allowed in a PDF string (PDFDocEncoding):
(hyperref)                removing `\alpha' on input line 282.


Package hyperref Warning: Token not allowed in a PDF string (PDFDocEncoding):
(hyperref)                removing `math shift' on input line 282.

<Test3_plot.pdf, id=159, 683.85486pt x 477.02214pt>
File: Test3_plot.pdf Graphic file (type pdf)
 <use Test3_plot.pdf>
Package pdftex.def Info: Test3_plot.pdf used on input line 300.
(pdftex.def)             Requested size: 255.0pt x 177.87111pt.

Overfull \hbox (9.0pt too wide) in paragraph at lines 300--301
 [][] 
 []


LaTeX Warning: `!h' float specifier changed to `!ht'.


Package hyperref Warning: Token not allowed in a PDF string (PDFDocEncoding):
(hyperref)                removing `math shift' on input line 305.


Package hyperref Warning: Token not allowed in a PDF string (PDFDocEncoding):
(hyperref)                removing `subscript' on input line 305.


Package hyperref Warning: Token not allowed in a PDF string (PDFDocEncoding):
(hyperref)                removing `math shift' on input line 305.

<Test4_plot.pdf, id=164, 675.20255pt x 482.83386pt>
File: Test4_plot.pdf Graphic file (type pdf)
 <use Test4_plot.pdf>
Package pdftex.def Info: Test4_plot.pdf used on input line 340.
(pdftex.def)             Requested size: 255.0pt x 182.35155pt.

Overfull \hbox (9.0pt too wide) in paragraph at lines 340--341
 [][] 
 []


LaTeX Warning: `!h' float specifier changed to `!ht'.

<Test4_plot2.pdf, id=165, 675.20255pt x 479.00958pt>
File: Test4_plot2.pdf Graphic file (type pdf)
 <use Test4_plot2.pdf>
Package pdftex.def Info: Test4_plot2.pdf used on input line 346.
(pdftex.def)             Requested size: 255.0pt x 180.90724pt.

Overfull \hbox (9.0pt too wide) in paragraph at lines 346--347
 [][] 
 []


LaTeX Warning: `!h' float specifier changed to `!ht'.

[4 <./Test2_plot.pdf> <./Test3_plot.pdf>]

LaTeX Warning: A float is stuck (cannot be placed); try class option [floatfix]
 on input line 366.

<Test5_plot.pdf, id=197, 667.44357pt x 477.3333pt>
File: Test5_plot.pdf Graphic file (type pdf)
 <use Test5_plot.pdf>
Package pdftex.def Info: Test5_plot.pdf used on input line 368.
(pdftex.def)             Requested size: 255.0pt x 182.36452pt.

Overfull \hbox (9.0pt too wide) in paragraph at lines 368--369
 [][] 
 []


LaTeX Warning: `!h' float specifier changed to `!ht'.

<Test6_plot.pdf, id=200, 676.5275pt x 477.785pt>
File: Test6_plot.pdf Graphic file (type pdf)
 <use Test6_plot.pdf>
Package pdftex.def Info: Test6_plot.pdf used on input line 373.
(pdftex.def)             Requested size: 255.0pt x 180.08752pt.

Overfull \hbox (9.0pt too wide) in paragraph at lines 373--374
 [][] 
 []


LaTeX Warning: `!h' float specifier changed to `!ht'.

<Test7_plot.pdf, id=201, 675.86505pt x 482.83386pt>
File: Test7_plot.pdf Graphic file (type pdf)
 <use Test7_plot.pdf>
Package pdftex.def Info: Test7_plot.pdf used on input line 378.
(pdftex.def)             Requested size: 255.0pt x 182.16736pt.

Overfull \hbox (9.0pt too wide) in paragraph at lines 378--379
 [][] 
 []


LaTeX Warning: `!h' float specifier changed to `!ht'.

[5 <./Test4_plot.pdf> <./Test4_plot2.pdf> <./Test5_plot.pdf> <./Test6_plot.pdf>
]

LaTeX Warning: A float is stuck (cannot be placed); try class option [floatfix]
 on input line 399.

<Test12_plot.pdf, id=237, 667.21268pt x 482.60298pt>
File: Test12_plot.pdf Graphic file (type pdf)
 <use Test12_plot.pdf>
Package pdftex.def Info: Test12_plot.pdf used on input line 401.
(pdftex.def)             Requested size: 255.0pt x 184.44408pt.

Overfull \hbox (9.0pt too wide) in paragraph at lines 401--402
 [][] 
 []

<Test16_plot.pdf, id=239, 675.20255pt x 474.69347pt>
File: Test16_plot.pdf Graphic file (type pdf)
 <use Test16_plot.pdf>
Package pdftex.def Info: Test16_plot.pdf used on input line 413.
(pdftex.def)             Requested size: 255.0pt x 179.27718pt.

Overfull \hbox (9.0pt too wide) in paragraph at lines 413--414
 [][] 
 []


LaTeX Warning: `!h' float specifier changed to `!ht'.

<Test19_plot.pdf, id=241, 675.86505pt x 485.61424pt>
File: Test19_plot.pdf Graphic file (type pdf)
 <use Test19_plot.pdf>
Package pdftex.def Info: Test19_plot.pdf used on input line 447.
(pdftex.def)             Requested size: 255.0pt x 183.21637pt.

Overfull \hbox (9.0pt too wide) in paragraph at lines 447--448
 [][] 
 []

[6 <./Test7_plot.pdf> <./Test12_plot.pdf> <./Test16_plot.pdf> <./Test19_plot.pd
f>] <Test20_plot.pdf, id=277, 675.86505pt x 482.96436pt>
File: Test20_plot.pdf Graphic file (type pdf)
 <use Test20_plot.pdf>
Package pdftex.def Info: Test20_plot.pdf used on input line 462.
(pdftex.def)             Requested size: 255.0pt x 182.2166pt.

Overfull \hbox (9.0pt too wide) in paragraph at lines 462--463
 [][] 
 []

<Test5_plot2.pdf, id=281, 670.8262pt x 479.00958pt>
File: Test5_plot2.pdf Graphic file (type pdf)
 <use Test5_plot2.pdf>
Package pdftex.def Info: Test5_plot2.pdf used on input line 473.
(pdftex.def)             Requested size: 255.0pt x 182.084pt.

Overfull \hbox (9.0pt too wide) in paragraph at lines 473--474
 [][] 
 []

<Test22_plot.pdf, id=283, 675.20255pt x 475.73734pt>
File: Test22_plot.pdf Graphic file (type pdf)
 <use Test22_plot.pdf>
Package pdftex.def Info: Test22_plot.pdf used on input line 483.
(pdftex.def)             Requested size: 255.0pt x 179.67142pt.

Overfull \hbox (9.0pt too wide) in paragraph at lines 483--484
 [][] 
 []

<Test23_plot.pdf, id=286, 681.57639pt x 485.49379pt>
File: Test23_plot.pdf Graphic file (type pdf)
 <use Test23_plot.pdf>
Package pdftex.def Info: Test23_plot.pdf used on input line 501.
(pdftex.def)             Requested size: 255.0pt x 181.63747pt.

Overfull \hbox (9.0pt too wide) in paragraph at lines 501--502
 [][] 
 []

[7 <./Test20_plot.pdf> <./Test5_plot2.pdf> <./Test22_plot.pdf> <./Test23_plot.p
df>] <Test24_plot.pdf, id=321, 667.21268pt x 477.3333pt>
File: Test24_plot.pdf Graphic file (type pdf)
 <use Test24_plot.pdf>
Package pdftex.def Info: Test24_plot.pdf used on input line 509.
(pdftex.def)             Requested size: 255.0pt x 182.43007pt.

Overfull \hbox (9.0pt too wide) in paragraph at lines 509--510
 [][] 
 []

<Test25_plot.pdf, id=323, 670.86633pt x 482.90413pt>
File: Test25_plot.pdf Graphic file (type pdf)
 <use Test25_plot.pdf>
Package pdftex.def Info: Test25_plot.pdf used on input line 518.
(pdftex.def)             Requested size: 255.0pt x 183.54968pt.

Overfull \hbox (9.0pt too wide) in paragraph at lines 518--519
 [][] 
 []


Package hyperref Warning: Token not allowed in a PDF string (PDFDocEncoding):
(hyperref)                removing `math shift' on input line 537.


Package hyperref Warning: Token not allowed in a PDF string (PDFDocEncoding):
(hyperref)                removing `subscript' on input line 537.


Package hyperref Warning: Token not allowed in a PDF string (PDFDocEncoding):
(hyperref)                removing `math shift' on input line 537.


Package natbib Warning: Citation `Hirsch04' on page 8 undefined on input line 5
42.

(./Summary.bbl)

Package natbib Warning: There were undefined citations.

[8 <./Test24_plot.pdf> <./Test25_plot.pdf>]
Package atveryend Info: Empty hook `AfterLastShipout' on input line 575.
 (./Summary.aux)
Package atveryend Info: Executing hook `AtVeryEndDocument' on input line 575.
Package atveryend Info: Executing hook `AtEndAfterFileList' on input line 575.


Package rerunfilecheck Warning: File `Summary.out' has changed.
(rerunfilecheck)                Rerun to get outlines right
(rerunfilecheck)                or use package `bookmark'.

Package rerunfilecheck Info: Checksums for `Summary.out':
(rerunfilecheck)             Before: 6C517D6CFE54A402CCC93FCB84D80B1B;916
(rerunfilecheck)             After:  C127286CDBE820CB295167BBD8F1DB5F;995.

LaTeX Warning: Label(s) may have changed. Rerun to get cross-references right .


 ) 
Here is how much of TeX's memory you used:
 8969 strings out of 495004
 131601 string characters out of 6181263
 251124 words of memory out of 5000000
 12019 multiletter control sequences out of 15000+600000
 15600 words of font info for 55 fonts, out of 8000000 for 9000
 14 hyphenation exceptions out of 8191
 42i,9n,42p,614b,416s stack positions out of 5000i,500n,10000p,200000b,80000s
</opt/local/share/texmf-texlive/fonts/type1/public/amsfonts/cm/cmbx10.pfb></o
pt/local/share/texmf-texlive/fonts/type1/public/amsfonts/cm/cmbx12.pfb></opt/lo
cal/share/texmf-texlive/fonts/type1/public/amsfonts/cm/cmbx9.pfb></opt/local/sh
are/texmf-texlive/fonts/type1/public/amsfonts/cm/cmex10.pfb></opt/local/share/t
exmf-texlive/fonts/type1/public/amsfonts/cm/cmmi10.pfb></opt/local/share/texmf-
texlive/fonts/type1/public/amsfonts/cm/cmmi6.pfb></opt/local/share/texmf-texliv
e/fonts/type1/public/amsfonts/cm/cmmi7.pfb></opt/local/share/texmf-texlive/font
s/type1/public/amsfonts/cm/cmmi8.pfb></opt/local/share/texmf-texlive/fonts/type
1/public/amsfonts/cm/cmmi9.pfb></opt/local/share/texmf-texlive/fonts/type1/publ
ic/amsfonts/cm/cmr10.pfb></opt/local/share/texmf-texlive/fonts/type1/public/ams
fonts/cm/cmr6.pfb></opt/local/share/texmf-texlive/fonts/type1/public/amsfonts/c
m/cmr7.pfb></opt/local/share/texmf-texlive/fonts/type1/public/amsfonts/cm/cmr9.
pfb></opt/local/share/texmf-texlive/fonts/type1/public/amsfonts/cm/cmsy10.pfb><
/opt/local/share/texmf-texlive/fonts/type1/public/amsfonts/cm/cmsy5.pfb></opt/l
ocal/share/texmf-texlive/fonts/type1/public/amsfonts/cm/cmsy6.pfb></opt/local/s
hare/texmf-texlive/fonts/type1/public/amsfonts/cm/cmsy7.pfb></opt/local/share/t
exmf-texlive/fonts/type1/public/amsfonts/cm/cmsy9.pfb></opt/local/share/texmf-t
exlive/fonts/type1/public/amsfonts/cm/cmti9.pfb></opt/local/share/texmf-texlive
/fonts/type1/public/amsfonts/cm/cmtt9.pfb>
Output written on Summary.pdf (8 pages, 431832 bytes).
PDF statistics:
 427 PDF objects out of 1000 (max. 8388607)
 365 compressed objects within 4 object streams
 65 named destinations out of 1000 (max. 500000)
 210 words of extra memory for PDF output out of 10000 (max. 10000000)

