\BOOKMARK [0][-]{abstract.0}{Abstract}{}% 1
\BOOKMARK [0][-]{contents.0}{CONTENTS}{}% 2
\BOOKMARK [0][-]{chapter*.2}{FIGURES}{}% 3
\BOOKMARK [0][-]{chapter*.3}{TABLES}{}% 4
\BOOKMARK [0][-]{chapter*.4}{ACKNOWLEDGMENTS}{}% 5
\BOOKMARK [0][-]{chapter.1}{CHAPTER 1: SIMULATIONS OF SOLID-LIQUID FRICTION AT ICE-Ih /WATER INTERFACES}{}% 6
\BOOKMARK [1][-]{section.1.1}{1.1 Introduction}{chapter.1}% 7
\BOOKMARK [1][-]{section.1.2}{1.2 Methodology}{chapter.1}% 8
\BOOKMARK [2][-]{subsection.1.2.1}{1.2.1 Stable ice Ih / water interfaces under shear}{section.1.2}% 9
\BOOKMARK [2][-]{subsection.1.2.2}{1.2.2 Shearing ice / water interfaces without bulk melting}{section.1.2}% 10
\BOOKMARK [2][-]{subsection.1.2.3}{1.2.3 Computational Details}{section.1.2}% 11
\BOOKMARK [1][-]{section.1.3}{1.3 Results and discussion}{chapter.1}% 12
\BOOKMARK [2][-]{subsection.1.3.1}{1.3.1 Interfacial width}{section.1.3}% 13
\BOOKMARK [3][-]{subsubsection.1.3.1.1}{1.3.1.1 Orientational Dynamics}{subsection.1.3.1}% 14
\BOOKMARK [2][-]{subsection.1.3.2}{1.3.2 Coefficient of Friction of the Interface}{section.1.3}% 15
\BOOKMARK [1][-]{section.1.4}{1.4 Conclusion}{chapter.1}% 16
\BOOKMARK [0][-]{chapter.2}{CHAPTER 2: The different facets of ice have different hydrophilicities: \040Friction at water / ice-Ih interfaces}{}% 17
\BOOKMARK [1][-]{section.2.1}{2.1 Introduction}{chapter.2}% 18
\BOOKMARK [1][-]{section.2.2}{2.2 Methodology}{chapter.2}% 19
\BOOKMARK [2][-]{subsection.2.2.1}{2.2.1 Construction of the Ice / Water interfaces}{section.2.2}% 20
\BOOKMARK [1][-]{section.2.3}{2.3 Droplet Simulations}{chapter.2}% 21
\BOOKMARK [1][-]{section.2.4}{2.4 Shearing Simulations \(Interfaces in Bulk Water\)}{chapter.2}% 22
\BOOKMARK [1][-]{section.2.5}{2.5 Results}{chapter.2}% 23
\BOOKMARK [2][-]{subsection.2.5.1}{2.5.1 Ice - Water Contact Angles}{section.2.5}% 24
\BOOKMARK [2][-]{subsection.2.5.2}{2.5.2 Solid-liquid friction of the interfaces}{section.2.5}% 25
\BOOKMARK [2][-]{subsection.2.5.3}{2.5.3 Structural measures of interfacial width under shear}{section.2.5}% 26
\BOOKMARK [2][-]{subsection.2.5.4}{2.5.4 Dynamic measures of interfacial width under shear}{section.2.5}% 27
\BOOKMARK [1][-]{section.2.6}{2.6 Conclusions}{chapter.2}% 28
\BOOKMARK [1][-]{section.2.7}{2.7 The Advancing Contact Angle}{chapter.2}% 29
\BOOKMARK [1][-]{section.2.8}{2.8 Interfacial widths using structural information}{chapter.2}% 30
\BOOKMARK [1][-]{section.2.9}{2.9 Interfacial widths using dynamic information}{chapter.2}% 31
\BOOKMARK [0][-]{chapter.3}{CHAPTER 3: Friction at ice-Ih / water interfaces}{}% 32
\BOOKMARK [1][-]{section.3.1}{3.1 Introduction}{chapter.3}% 33
\BOOKMARK [1][-]{section.3.2}{3.2 Methodology}{chapter.3}% 34
\BOOKMARK [2][-]{subsection.3.2.1}{3.2.1 Construction of Ice / Water interfaces}{section.3.2}% 35
\BOOKMARK [2][-]{subsection.3.2.2}{3.2.2 Creating shear in molecular simulations}{section.3.2}% 36
\BOOKMARK [3][-]{subsubsection.3.2.2.1}{3.2.2.1 Shearing at ice / water interfaces}{subsection.3.2.2}% 37
\BOOKMARK [1][-]{section.3.3}{3.3 Results}{chapter.3}% 38
\BOOKMARK [2][-]{subsection.3.3.1}{3.3.1 Structural measures of interfacial width under shear}{section.3.3}% 39
\BOOKMARK [2][-]{subsection.3.3.2}{3.3.2 Solid-liquid friction at ice/water interfaces}{section.3.3}% 40
\BOOKMARK [2][-]{subsection.3.3.3}{3.3.3 Dynamic measures of interfacial width under shear}{section.3.3}% 41
\BOOKMARK [1][-]{section.3.4}{3.4 Discussion}{chapter.3}% 42
\BOOKMARK [2][-]{subsubsection.3.4.0.1}{3.4.0.1 Solid-liquid hydrogen bond density}{section.3.4}% 43
\BOOKMARK [3][-]{subsubsection.3.4.0.2}{3.4.0.2 Surface corrugation}{subsubsection.3.4.0.1}% 44
\BOOKMARK [1][-]{section.3.5}{3.5 Conclusions}{chapter.3}% 45
\BOOKMARK [1][-]{section.3.6}{3.6 Fitting velocity profiles}{chapter.3}% 46
\BOOKMARK [0][-]{appendix.A}{APPENDIX A: A Single-Site Model for Water: Parameterized for the Reproduction of the Melting Point of Ice Ih}{}% 47
\BOOKMARK [1][-]{section.A.1}{A.1 Introduction}{appendix.A}% 48
\BOOKMARK [1][-]{section.A.2}{A.2 TIP1P/Ice}{appendix.A}% 49
\BOOKMARK [2][-]{subsection.A.2.1}{A.2.1 Gas Phase Dimer}{section.A.2}% 50
\BOOKMARK [3][-]{subsubsection.A.2.1.1}{A.2.1.1 Testing Electrostatic Cutoff}{subsection.A.2.1}% 51
\BOOKMARK [3][-]{subsubsection.A.2.1.2}{A.2.1.2 Varying Lennard-Jones Parameters}{subsection.A.2.1}% 52
\BOOKMARK [3][-]{subsubsection.A.2.1.3}{A.2.1.3 Varying Damping }{subsection.A.2.1}% 53
\BOOKMARK [3][-]{subsubsection.A.2.1.4}{A.2.1.4 Varing the Quadrupole: Introduction of Qxx}{subsection.A.2.1}% 54
\BOOKMARK [2][-]{subsection.A.2.2}{A.2.2 TIP1P/Ice 2.0}{section.A.2}% 55
\BOOKMARK [2][-]{subsection.A.2.3}{A.2.3 Bulk Properties}{section.A.2}% 56
\BOOKMARK [2][-]{subsection.A.2.4}{A.2.4 Basal Ice Ih/water Coexistence}{section.A.2}% 57
\BOOKMARK [0][-]{appendix*.5}{BIBLIOGRAPHY}{}% 58
