This is pdfTeX, Version 3.14159265-2.6-1.40.15 (TeX Live 2014/MacPorts 2014_3) (preloaded format=pdflatex 2014.10.28)  16 DEC 2014 16:38
entering extended mode
 restricted \write18 enabled.
 %&-line parsing enabled.
**Supplemental_Information.tex
(./Supplemental_Information.tex
LaTeX2e <2014/05/01>
Babel <3.9k> and hyphenation patterns for 2 languages loaded.
(./pnastwo.cls


 Two Column Journal Style for the
 Proceedings of the National Academy of Science 
 Written by Amy Hendrickson, TeXnology, Inc., 9/04
 
 This version is dated October 04, 2013


Document Class: pnastwo 
\affilcount=\count79
\saveaffilcount=\count80
\c@fnaffilcount=\count81
\c@part=\count82
\c@section=\count83
\c@subsection=\count84
\c@subsubsection=\count85
\c@paragraph=\count86
\c@subparagraph=\count87
\c@figure=\count88
\c@table=\count89
\abovecaptionskip=\skip41
\belowcaptionskip=\skip42
\bibindent=\dimen102
\bibskip=\skip43
\c@cms=\count90
\footnum=\count91
\savefootnum=\count92
\abovefigcaptionskip=\skip44
\abovetabcaptionskip=\skip45
\abovetableskip=\skip46
\belowtabcaptionskip=\dimen103
\saveparskip=\dimen104
\captionskip=\dimen105
\PushOneColTopFig=\dimen106
\PushOneColBotFig=\dimen107
\PushOneColTopTab=\dimen108
\PushOneColBotTab=\dimen109
\PushTwoColTopFig=\dimen110
\PushTwoColBotFig=\dimen111
\PushTwoColTopTab=\dimen112
\PushTwoColBotTab=\dimen113
\intextfloatskip=\skip47
\c@appfigure=\count93
\c@apptable=\count94
\c@appplate=\count95
\checkforspace=\dimen114
\savetopinsert=\box26
\savebotinsert=\box27
\secondsavetopinsert=\box28
\secondsavebotinsert=\box29
\firstcolbox=\box30
\secondcolbox=\box31
\thefirstbox=\box32
\thesecondbox=\box33
\firstcol=\dimen115
\secondcol=\dimen116
\checkheight=\dimen117
\loopnum=\count96
\firstcolsavefignum=\count97
\footnotebox=\box34
\ColUsed=\dimen118
\FigSpace=\dimen119
\testdblbotins=\box35
\pageloopnum=\count98
\endcolsavetopinsert=\box36
\endcolsavebotinsert=\box37
\testpagesize=\box38
\savelastskip=\dimen120
\partialpage=\box39
\figandtabnumber=\count99
\figandtabbox=\box40
\pagefloatnumber=\count100
\sizeoffloat=\box41
\bogus=\count101
\figinsert=\insert233
\herebox=\box42
\endfigbox=\box43
\spanbox=\box44
\dbltopins=\box45
\dblbotins=\box46
\dblbotskip=\skip48
\dblfigandtabnumber=\count102
\dblfigandtabbox=\box47
\dblloopnum=\count103
\savedblfigandtabnumber=\count104
\dblspanherebox=\box48
(/opt/local/share/texmf-texlive/tex/latex/graphics/graphicx.sty
Package: graphicx 2014/04/25 v1.0g Enhanced LaTeX Graphics (DPC,SPQR)

(/opt/local/share/texmf-texlive/tex/latex/graphics/keyval.sty
Package: keyval 2014/05/08 v1.15 key=value parser (DPC)
\KV@toks@=\toks14
)
(/opt/local/share/texmf-texlive/tex/latex/graphics/graphics.sty
Package: graphics 2009/02/05 v1.0o Standard LaTeX Graphics (DPC,SPQR)

(/opt/local/share/texmf-texlive/tex/latex/graphics/trig.sty
Package: trig 1999/03/16 v1.09 sin cos tan (DPC)
)
(/opt/local/share/texmf-texlive/tex/latex/latexconfig/graphics.cfg
File: graphics.cfg 2010/04/23 v1.9 graphics configuration of TeX Live
)
Package graphics Info: Driver file: pdftex.def on input line 91.

(/opt/local/share/texmf-texlive/tex/latex/pdftex-def/pdftex.def
File: pdftex.def 2011/05/27 v0.06d Graphics/color for pdfTeX

(/opt/local/share/texmf-texlive/tex/generic/oberdiek/infwarerr.sty
Package: infwarerr 2010/04/08 v1.3 Providing info/warning/error messages (HO)
)
(/opt/local/share/texmf-texlive/tex/generic/oberdiek/ltxcmds.sty
Package: ltxcmds 2011/11/09 v1.22 LaTeX kernel commands for general use (HO)
)
\Gread@gobject=\count105
))
\Gin@req@height=\dimen121
\Gin@req@width=\dimen122
)
(/opt/local/share/texmf-texlive/tex/latex/oberdiek/epstopdf.sty
Package: epstopdf 2010/02/09 v2.5 Conversion with epstopdf on the fly (HO)

(/opt/local/share/texmf-texlive/tex/latex/oberdiek/epstopdf-base.sty
Package: epstopdf-base 2010/02/09 v2.5 Base part for package epstopdf

(/opt/local/share/texmf-texlive/tex/latex/oberdiek/grfext.sty
Package: grfext 2010/08/19 v1.1 Manage graphics extensions (HO)

(/opt/local/share/texmf-texlive/tex/generic/oberdiek/kvdefinekeys.sty
Package: kvdefinekeys 2011/04/07 v1.3 Define keys (HO)
))
(/opt/local/share/texmf-texlive/tex/latex/oberdiek/kvoptions.sty
Package: kvoptions 2011/06/30 v3.11 Key value format for package options (HO)

(/opt/local/share/texmf-texlive/tex/generic/oberdiek/kvsetkeys.sty
Package: kvsetkeys 2012/04/25 v1.16 Key value parser (HO)

(/opt/local/share/texmf-texlive/tex/generic/oberdiek/etexcmds.sty
Package: etexcmds 2011/02/16 v1.5 Avoid name clashes with e-TeX commands (HO)

(/opt/local/share/texmf-texlive/tex/generic/oberdiek/ifluatex.sty
Package: ifluatex 2010/03/01 v1.3 Provides the ifluatex switch (HO)
Package ifluatex Info: LuaTeX not detected.
)
Package etexcmds Info: Could not find \expanded.
(etexcmds)             That can mean that you are not using pdfTeX 1.50 or
(etexcmds)             that some package has redefined \expanded.
(etexcmds)             In the latter case, load this package earlier.
)))
(/opt/local/share/texmf-texlive/tex/generic/oberdiek/pdftexcmds.sty
Package: pdftexcmds 2011/11/29 v0.20 Utility functions of pdfTeX for LuaTeX (HO
)

(/opt/local/share/texmf-texlive/tex/generic/oberdiek/ifpdf.sty
Package: ifpdf 2011/01/30 v2.3 Provides the ifpdf switch (HO)
Package ifpdf Info: pdfTeX in PDF mode is detected.
)
Package pdftexcmds Info: LuaTeX not detected.
Package pdftexcmds Info: \pdf@primitive is available.
Package pdftexcmds Info: \pdf@ifprimitive is available.
Package pdftexcmds Info: \pdfdraftmode found.
)
Package grfext Info: Graphics extension search list:
(grfext)             [.png,.pdf,.jpg,.mps,.jpeg,.jbig2,.jb2,.PNG,.PDF,.JPG,.JPE
G,.JBIG2,.JB2,.eps]
(grfext)             \AppendGraphicsExtensions on input line 452.

(/opt/local/share/texmf-texlive/tex/latex/latexconfig/epstopdf-sys.cfg
File: epstopdf-sys.cfg 2010/07/13 v1.3 Configuration of (r)epstopdf for TeX Liv
e
)))
(/opt/local/share/texmf-texlive/tex/latex/amsfonts/amssymb.sty
Package: amssymb 2013/01/14 v3.01 AMS font symbols

(/opt/local/share/texmf-texlive/tex/latex/amsfonts/amsfonts.sty
Package: amsfonts 2013/01/14 v3.01 Basic AMSFonts support
\@emptytoks=\toks15
\symAMSa=\mathgroup4
\symAMSb=\mathgroup5
LaTeX Font Info:    Overwriting math alphabet `\mathfrak' in version `bold'
(Font)                  U/euf/m/n --> U/euf/b/n on input line 106.
))
(/opt/local/share/texmf-texlive/tex/latex/amsmath/amsmath.sty
Package: amsmath 2013/01/14 v2.14 AMS math features
\@mathmargin=\skip49

For additional information on amsmath, use the `?' option.
(/opt/local/share/texmf-texlive/tex/latex/amsmath/amstext.sty
Package: amstext 2000/06/29 v2.01

(/opt/local/share/texmf-texlive/tex/latex/amsmath/amsgen.sty
File: amsgen.sty 1999/11/30 v2.0
\@emptytoks=\toks16
\ex@=\dimen123
))
(/opt/local/share/texmf-texlive/tex/latex/amsmath/amsbsy.sty
Package: amsbsy 1999/11/29 v1.2d
\pmbraise@=\dimen124
)
(/opt/local/share/texmf-texlive/tex/latex/amsmath/amsopn.sty
Package: amsopn 1999/12/14 v2.01 operator names
)
\inf@bad=\count106
LaTeX Info: Redefining \frac on input line 210.
\uproot@=\count107
\leftroot@=\count108
LaTeX Info: Redefining \overline on input line 306.
\classnum@=\count109
\DOTSCASE@=\count110
LaTeX Info: Redefining \ldots on input line 378.
LaTeX Info: Redefining \dots on input line 381.
LaTeX Info: Redefining \cdots on input line 466.
\Mathstrutbox@=\box49
\strutbox@=\box50
\big@size=\dimen125
LaTeX Font Info:    Redeclaring font encoding OML on input line 566.
LaTeX Font Info:    Redeclaring font encoding OMS on input line 567.
\macc@depth=\count111
\c@MaxMatrixCols=\count112
\dotsspace@=\muskip10
\c@parentequation=\count113
\dspbrk@lvl=\count114
\tag@help=\toks17
\row@=\count115
\column@=\count116
\maxfields@=\count117
\andhelp@=\toks18
\eqnshift@=\dimen126
\alignsep@=\dimen127
\tagshift@=\dimen128
\tagwidth@=\dimen129
\totwidth@=\dimen130
\lineht@=\dimen131
\@envbody=\toks19
\multlinegap=\skip50
\multlinetaggap=\skip51
\mathdisplay@stack=\toks20
LaTeX Info: Redefining \[ on input line 2665.
LaTeX Info: Redefining \] on input line 2666.
)
(/opt/local/share/texmf-texlive/tex/latex/xcolor/xcolor.sty
Package: xcolor 2007/01/21 v2.11 LaTeX color extensions (UK)

(/opt/local/share/texmf-texlive/tex/latex/latexconfig/color.cfg
File: color.cfg 2007/01/18 v1.5 color configuration of teTeX/TeXLive
)
Package xcolor Info: Package option `usenames' ignored on input line 216.
Package xcolor Info: Driver file: pdftex.def on input line 225.
Package xcolor Info: Model `cmy' substituted by `cmy0' on input line 1337.
Package xcolor Info: Model `hsb' substituted by `rgb' on input line 1341.
Package xcolor Info: Model `RGB' extended on input line 1353.
Package xcolor Info: Model `HTML' substituted by `rgb' on input line 1355.
Package xcolor Info: Model `Hsb' substituted by `hsb' on input line 1356.
Package xcolor Info: Model `tHsb' substituted by `hsb' on input line 1357.
Package xcolor Info: Model `HSB' substituted by `hsb' on input line 1358.
Package xcolor Info: Model `Gray' substituted by `gray' on input line 1359.
Package xcolor Info: Model `wave' substituted by `hsb' on input line 1360.
)
\captionwidth=\dimen132
\widecaptionwidth=\dimen133
\tablenoteloopnum=\count118
\tablenotenum=\count119
\c@theorem=\count120
\c@lemma=\count121
\c@definition=\count122
\c@claim=\count123
\c@alemma=\count124
\c@remark=\count125
\tablewide=\box51
)
(/opt/local/share/texmf-texlive/tex/latex/mhchem/mhchem.sty
Package: mhchem 2014/03/27 v3.17 for typesetting chemical formulae

(/opt/local/share/texmf-texlive/tex/latex/base/ifthen.sty
Package: ifthen 2001/05/26 v1.1c Standard LaTeX ifthen package (DPC)
)
(/opt/local/share/texmf-texlive/tex/latex/tools/calc.sty
Package: calc 2007/08/22 v4.3 Infix arithmetic (KKT,FJ)
\calc@Acount=\count126
\calc@Bcount=\count127
\calc@Adimen=\dimen134
\calc@Bdimen=\dimen135
\calc@Askip=\skip52
\calc@Bskip=\skip53
LaTeX Info: Redefining \setlength on input line 75.
LaTeX Info: Redefining \addtolength on input line 76.
\calc@Ccount=\count128
\calc@Cskip=\skip54
)
(/opt/local/share/texmf-texlive/tex/latex/oberdiek/twoopt.sty
Package: twoopt 2008/08/11 v1.5 Definitions with two optional arguments (HO)
)
(/opt/local/share/texmf-texlive/tex/latex/l3kernel/expl3.sty
Package: expl3 2014/05/20 v4814 L3 programming layer (loader) 

(/opt/local/share/texmf-texlive/tex/latex/l3kernel/expl3-code.tex
Package: expl3 2014/05/20 v4814 L3 programming layer (code) 
L3 Module: l3bootstrap 2014/05/16 v4782 L3 Bootstrap code

(/opt/local/share/texmf-texlive/tex/latex/etex-pkg/etex.sty
Package: etex 1998/03/26 v2.0 eTeX basic definition package (PEB)
\et@xins=\count129
)
L3 Module: l3names 2014/05/04 v4728 L3 Namespace for primitives
L3 Module: l3basics 2014/05/04 v4728 L3 Basic definitions
L3 Module: l3expan 2014/04/30 v4712 L3 Argument expansion
L3 Module: l3tl 2014/05/04 v4728 L3 Token lists
L3 Module: l3seq 2014/04/30 v4712 L3 Sequences and stacks
L3 Module: l3int 2014/05/16 v4776 L3 Integers
\c_max_int=\count130
\l_tmpa_int=\count131
\l_tmpb_int=\count132
\g_tmpa_int=\count133
\g_tmpb_int=\count134
L3 Module: l3quark 2014/05/04 v4728 L3 Quarks
L3 Module: l3prg 2014/05/04 v4728 L3 Control structures
\g__prg_map_int=\count135
L3 Module: l3clist 2014/05/04 v4728 L3 Comma separated lists
L3 Module: l3token 2014/05/04 v4728 L3 Experimental token manipulation
L3 Module: l3prop 2014/04/30 v4712 L3 Property lists
L3 Module: l3msg 2014/05/04 v4728 L3 Messages
L3 Module: l3file 2014/05/05 v4737 L3 File and I/O operations
\l_iow_line_count_int=\count136
\l__iow_target_count_int=\count137
\l__iow_current_line_int=\count138
\l__iow_current_word_int=\count139
\l__iow_current_indentation_int=\count140
L3 Module: l3skip 2014/05/05 v4738 L3 Dimensions and skips
\c_zero_dim=\dimen136
\c_max_dim=\dimen137
\l_tmpa_dim=\dimen138
\l_tmpb_dim=\dimen139
\g_tmpa_dim=\dimen140
\g_tmpb_dim=\dimen141
\c_zero_skip=\skip55
\c_max_skip=\skip56
\l_tmpa_skip=\skip57
\l_tmpb_skip=\skip58
\g_tmpa_skip=\skip59
\g_tmpb_skip=\skip60
\c_zero_muskip=\muskip11
\c_max_muskip=\muskip12
\l_tmpa_muskip=\muskip13
\l_tmpb_muskip=\muskip14
\g_tmpa_muskip=\muskip15
\g_tmpb_muskip=\muskip16
L3 Module: l3keys 2014/05/08 v4753 L3 Key-value interfaces
\g__keyval_level_int=\count141
\l_keys_choice_int=\count142
L3 Module: l3fp 2014/04/30 v4712 L3 Floating points
\c__fp_leading_shift_int=\count143
\c__fp_middle_shift_int=\count144
\c__fp_trailing_shift_int=\count145
\c__fp_big_leading_shift_int=\count146
\c__fp_big_middle_shift_int=\count147
\c__fp_big_trailing_shift_int=\count148
\c__fp_Bigg_leading_shift_int=\count149
\c__fp_Bigg_middle_shift_int=\count150
\c__fp_Bigg_trailing_shift_int=\count151
L3 Module: l3box 2014/05/04 v4728 L3 Experimental boxes
\c_empty_box=\box52
\l_tmpa_box=\box53
\l_tmpb_box=\box54
\g_tmpa_box=\box55
\g_tmpb_box=\box56
L3 Module: l3coffins 2014/05/04 v4728 L3 Coffin code layer
\l__coffin_internal_box=\box57
\l__coffin_internal_dim=\dimen142
\l__coffin_offset_x_dim=\dimen143
\l__coffin_offset_y_dim=\dimen144
\l__coffin_x_dim=\dimen145
\l__coffin_y_dim=\dimen146
\l__coffin_x_prime_dim=\dimen147
\l__coffin_y_prime_dim=\dimen148
\c_empty_coffin=\box58
\l__coffin_aligned_coffin=\box59
\l__coffin_aligned_internal_coffin=\box60
\l_tmpa_coffin=\box61
\l_tmpb_coffin=\box62
\l__coffin_display_coffin=\box63
\l__coffin_display_coord_coffin=\box64
\l__coffin_display_pole_coffin=\box65
\l__coffin_display_offset_dim=\dimen149
\l__coffin_display_x_dim=\dimen150
\l__coffin_display_y_dim=\dimen151
L3 Module: l3color 2014/04/30 v4712 L3 Experimental color support
L3 Module: l3luatex 2014/04/30 v4712 L3 Experimental LuaTeX-specific functions
\g__cctab_allocate_int=\count152
\g__cctab_stack_int=\count153
L3 Module: l3candidates 2014/05/04 v4734 L3 Experimental additions to l3kernel
\l__box_top_dim=\dimen152
\l__box_bottom_dim=\dimen153
\l__box_left_dim=\dimen154
\l__box_right_dim=\dimen155
\l__box_top_new_dim=\dimen156
\l__box_bottom_new_dim=\dimen157
\l__box_left_new_dim=\dimen158
\l__box_right_new_dim=\dimen159
\l__box_internal_box=\box66
\l__coffin_bounding_shift_dim=\dimen160
\l__coffin_left_corner_dim=\dimen161
\l__coffin_right_corner_dim=\dimen162
\l__coffin_bottom_corner_dim=\dimen163
\l__coffin_top_corner_dim=\dimen164
\l__coffin_scaled_total_height_dim=\dimen165
\l__coffin_scaled_width_dim=\dimen166
))
\mhchem@ce@result=\toks21
\mhchem@ce@part=\toks22
\mhchem@arrow@deployType=\toks23
\mhchem@arrow@params=\toks24
\mhchem@arrowlength@pgf=\skip61
\mhchem@bondwidth=\skip62
\mhchem@bondheight=\skip63
\mhchem@smallbondwidth@tmpA=\skip64
\mhchem@smallbondwidth@tmpB=\skip65
\mhchem@smallbondwidth=\skip66
\__mhchem_option_version_int=\count154
\mhchem@prepostscript@tmp@i=\skip67
\mhchem@prepostscript@tmp@ii=\skip68
\mhchem@mathbox@tmp@i=\skip69
\mhchem@mathbox@tmp@ii=\skip70
\mhchem@minispace@tmp=\skip71
\mhchem@option@minussidebearingleft=\skip72
\mhchem@option@minussidebearingright=\skip73
)
(/opt/local/share/texmf-texlive/tex/latex/natbib/natbib.sty
Package: natbib 2010/09/13 8.31b (PWD, AO)
\bibhang=\skip74
\bibsep=\skip75
LaTeX Info: Redefining \cite on input line 694.
\c@NAT@ctr=\count155
)
(/opt/local/share/texmf-texlive/tex/latex/base/fixltx2e.sty
Package: fixltx2e 2014/05/13 v1.1q fixes to LaTeX
LaTeX Info: Redefining \em on input line 429.
LaTeX Info: The control sequence `\[' is already robust on input line 480.
LaTeX Info: The control sequence `\]' is already robust on input line 481.
)
(/opt/local/share/texmf-texlive/tex/latex/booktabs/booktabs.sty
Package: booktabs 2005/04/14 v1.61803 publication quality tables
\heavyrulewidth=\dimen167
\lightrulewidth=\dimen168
\cmidrulewidth=\dimen169
\belowrulesep=\dimen170
\belowbottomsep=\dimen171
\aboverulesep=\dimen172
\abovetopsep=\dimen173
\cmidrulesep=\dimen174
\cmidrulekern=\dimen175
\defaultaddspace=\dimen176
\@cmidla=\count156
\@cmidlb=\count157
\@aboverulesep=\dimen177
\@belowrulesep=\dimen178
\@thisruleclass=\count158
\@lastruleclass=\count159
\@thisrulewidth=\dimen179
)
(/opt/local/share/texmf-texlive/tex/latex/multirow/multirow.sty
\bigstrutjot=\dimen180
)
(/opt/local/share/texmf-texlive/tex/latex/tablefootnote/tablefootnote.sty
Package: tablefootnote 2014/01/26 v1.1c Table foot notes (HMM)

(/opt/local/share/texmf-texlive/tex/latex/oberdiek/letltxmacro.sty
Package: letltxmacro 2010/09/02 v1.4 Let assignment for LaTeX macros (HO)
)
(/opt/local/share/texmf-texlive/tex/latex/xifthen/xifthen.sty
Package: xifthen 2009/04/17 v1.3 Extended ifthen features

(/opt/local/share/texmf-texlive/tex/latex/ifmtarg/ifmtarg.sty
Package: ifmtarg 2009/09/02 v1.2a check for an empty argument
))
(/opt/local/share/texmf-texlive/tex/latex/etoolbox/etoolbox.sty
Package: etoolbox 2011/01/03 v2.1 e-TeX tools for LaTeX
\etb@tempcnta=\count160
))
(./Supplemental_Information.aux)
\openout1 = `Supplemental_Information.aux'.

LaTeX Font Info:    Checking defaults for OML/cmm/m/it on input line 34.
LaTeX Font Info:    ... okay on input line 34.
LaTeX Font Info:    Checking defaults for T1/cmr/m/n on input line 34.
LaTeX Font Info:    ... okay on input line 34.
LaTeX Font Info:    Checking defaults for OT1/cmr/m/n on input line 34.
LaTeX Font Info:    ... okay on input line 34.
LaTeX Font Info:    Checking defaults for OMS/cmsy/m/n on input line 34.
LaTeX Font Info:    ... okay on input line 34.
LaTeX Font Info:    Checking defaults for OMX/cmex/m/n on input line 34.
LaTeX Font Info:    ... okay on input line 34.
LaTeX Font Info:    Checking defaults for U/cmr/m/n on input line 34.
LaTeX Font Info:    ... okay on input line 34.

(/opt/local/share/texmf-texlive/tex/latex/crop/crop.sty
Package: crop 2003/05/20 v1.9 crop marks (mf)
\stockwidth=\dimen181
\stockheight=\dimen182
\CROP@index=\count161
Package crop Info: requested driver: `' on input line 123.
Package crop Info: detected driver: `pdftex' on input line 123.
\CROP@offset=\count162
Package crop Info: using `pdftex' graphics driver on input line 607.
)
(/opt/local/share/texmf-texlive/tex/context/base/supp-pdf.mkii
[Loading MPS to PDF converter (version 2006.09.02).]
\scratchcounter=\count163
\scratchdimen=\dimen183
\scratchbox=\box67
\nofMPsegments=\count164
\nofMParguments=\count165
\everyMPshowfont=\toks25
\MPscratchCnt=\count166
\MPscratchDim=\dimen184
\MPnumerator=\count167
\makeMPintoPDFobject=\count168
\everyMPtoPDFconversion=\toks26
)
LaTeX Font Info:    Try loading font information for U+msa on input line 48.
 (/opt/local/share/texmf-texlive/tex/latex/amsfonts/umsa.fd
File: umsa.fd 2013/01/14 v3.01 AMS symbols A
)
LaTeX Font Info:    Try loading font information for U+msb on input line 48.

(/opt/local/share/texmf-texlive/tex/latex/amsfonts/umsb.fd
File: umsb.fd 2013/01/14 v3.01 AMS symbols B
)

Package natbib Warning: Citation `Buch:2008fk' on page 1 undefined on input lin
e 70.


Package natbib Warning: Citation `Hirsch04' on page 1 undefined on input line 7
2.


Package natbib Warning: Citation `Bryk02' on page 1 undefined on input line 84.



Package natbib Warning: Citation `Louden13' on page 1 undefined on input line 8
5.


Package natbib Warning: Citation `Ruijter99' on page 1 undefined on input line 
93.


Package natbib Warning: Citation `Louden13' on page 1 undefined on input line 1
16.


Package natbib Warning: Citation `Louden13' on page 1 undefined on input line 1
26.


Package natbib Warning: Citation `Louden13' on page 1 undefined on input line 1
51.

[1{/opt/local/var/db/texmf/fonts/map/pdftex/updmap/pdftex.map}

]

LaTeX Warning: Reference `tab:kappa' on page 2 undefined on input line 170.

[2] <ContactAngle.pdf, id=25, 687.00763pt x 450.4288pt>
File: ContactAngle.pdf Graphic file (type pdf)
 <use ContactAngle.pdf>
Package pdftex.def Info: ContactAngle.pdf used on input line 198.
(pdftex.def)             Requested size: 510.0pt x 334.3774pt.

Overfull \hbox (234.0pt too wide) in paragraph at lines 198--205
[][] 
 []

<Pyr_comic_strip.pdf, id=26, 691.01865pt x 493.20663pt>
File: Pyr_comic_strip.pdf Graphic file (type pdf)

<use Pyr_comic_strip.pdf>
Package pdftex.def Info: Pyr_comic_strip.pdf used on input line 211.
(pdftex.def)             Requested size: 510.0pt x 364.01143pt.

Overfull \hbox (234.0pt too wide) in paragraph at lines 211--220
[][] 
 []

Package epstopdf Info: Source file: <SP_comic_strip.eps>
(epstopdf)                    date: 2014-10-07 10:53:48
(epstopdf)                    size: 595530 bytes
(epstopdf)             Output file: <SP_comic_strip-eps-converted-to.pdf>
(epstopdf)             Command: <repstopdf --outfile=SP_comic_strip-eps-convert
ed-to.pdf SP_comic_strip.eps>
(epstopdf)             \includegraphics on input line 224.
runsystem(repstopdf --outfile=SP_comic_strip-eps-converted-to.pdf SP_comic_stri
p.eps)...executed safely (allowed).

Package epstopdf Info: Result file: <SP_comic_strip-eps-converted-to.pdf>.

! Package pdftex.def Error: File `SP_comic_strip-eps-converted-to.pdf' not foun
d.

See the pdftex.def package documentation for explanation.
Type  H <return>  for immediate help.
 ...                                              
                                                  
l.224 ...raphics[width=\linewidth]{SP_comic_strip}
                                                  
? 

Overfull \hbox (234.0pt too wide) in paragraph at lines 224--227
[][] 
 []


! LaTeX Error: File `B_comic_strip' not found.

See the LaTeX manual or LaTeX Companion for explanation.
Type  H <return>  for immediate help.
 ...                                              
                                                  
l.231 ...graphics[width=\linewidth]{B_comic_strip}
                                                  
? 

! LaTeX Error: File `prismatic_comic_strip' not found.

See the LaTeX manual or LaTeX Companion for explanation.
Type  H <return>  for immediate help.
 ...                                              
                                                  
l.238 ...[width=\linewidth]{prismatic_comic_strip}
                                                  
? 
<Pyr-orient.pdf, id=27, 701.19363pt x 492.34943pt>
File: Pyr-orient.pdf Graphic file (type pdf)
 <use Pyr-orient.pdf>
Package pdftex.def Info: Pyr-orient.pdf used on input line 246.
(pdftex.def)             Requested size: 510.0pt x 358.09738pt.

Overfull \hbox (234.0pt too wide) in paragraph at lines 246--253
[][] 
 []


Package natbib Warning: Citation `Louden13' on page 3 undefined on input line 2
53.


Package natbib Warning: Citation `Louden13' on page 3 undefined on input line 2
53.

<SP-orient.pdf, id=28, 794.97pt x 614.295pt>
File: SP-orient.pdf Graphic file (type pdf)
 <use SP-orient.pdf>
Package pdftex.def Info: SP-orient.pdf used on input line 257.
(pdftex.def)             Requested size: 510.0pt x 394.10353pt.

Overfull \hbox (234.0pt too wide) in paragraph at lines 257--259
[][] 
 []


! LaTeX Error: File `B-orient' not found.

See the LaTeX manual or LaTeX Companion for explanation.
Type  H <return>  for immediate help.
 ...                                              
                                                  
l.264 \includegraphics[width=\linewidth]{B-orient}
                                                  
? 

! LaTeX Error: File `prismatic-orient' not found.

See the LaTeX manual or LaTeX Companion for explanation.
Type  H <return>  for immediate help.
 ...                                              
                                                  
l.269 ...phics[width=\linewidth]{prismatic-orient}
                                                  
? 
(./Supplemental_Information.bbl)

Package natbib Warning: There were undefined citations.

[3 <./ContactAngle.pdf>] [4 <./Pyr_comic_strip.pdf>] [5] [6 <./Pyr-orient.pdf>]
[7 <./SP-orient.pdf>] (./Supplemental_Information.aux

Package natbib Warning: Citation(s) may have changed.
(natbib)                Rerun to get citations correct.

)

LaTeX Warning: There were undefined references.

 ) 
Here is how much of TeX's memory you used:
 9766 strings out of 495025
 165682 string characters out of 6181437
 236558 words of memory out of 5000000
 12851 multiletter control sequences out of 15000+600000
 18930 words of font info for 71 fonts, out of 8000000 for 9000
 14 hyphenation exceptions out of 8191
 49i,11n,37p,10389b,294s stack positions out of 5000i,500n,10000p,200000b,80000s
</opt/local/share/texmf-texlive/fonts/type1/public/amsfonts/cm/cmbx8.pfb></op
t/local/share/texmf-texlive/fonts/type1/public/amsfonts/cm/cmbx9.pfb></opt/loca
l/share/texmf-texlive/fonts/type1/public/amsfonts/cmextra/cmex9.pfb></opt/local
/share/texmf-texlive/fonts/type1/public/amsfonts/cm/cmmi5.pfb></opt/local/share
/texmf-texlive/fonts/type1/public/amsfonts/cm/cmmi6.pfb></opt/local/share/texmf
-texlive/fonts/type1/public/amsfonts/cm/cmmi8.pfb></opt/local/share/texmf-texli
ve/fonts/type1/public/amsfonts/cm/cmmi9.pfb></opt/local/share/texmf-texlive/fon
ts/type1/public/amsfonts/cm/cmr12.pfb></opt/local/share/texmf-texlive/fonts/typ
e1/public/amsfonts/cm/cmr5.pfb></opt/local/share/texmf-texlive/fonts/type1/publ
ic/amsfonts/cm/cmr6.pfb></opt/local/share/texmf-texlive/fonts/type1/public/amsf
onts/cm/cmr8.pfb></opt/local/share/texmf-texlive/fonts/type1/public/amsfonts/cm
/cmr9.pfb></opt/local/share/texmf-texlive/fonts/type1/public/amsfonts/cm/cmss10
.pfb></opt/local/share/texmf-texlive/fonts/type1/public/amsfonts/cm/cmssbx10.pf
b></opt/local/share/texmf-texlive/fonts/type1/public/amsfonts/cm/cmssi10.pfb></
opt/local/share/texmf-texlive/fonts/type1/public/amsfonts/cm/cmsy5.pfb></opt/lo
cal/share/texmf-texlive/fonts/type1/public/amsfonts/cm/cmsy6.pfb></opt/local/sh
are/texmf-texlive/fonts/type1/public/amsfonts/cm/cmsy9.pfb></opt/local/share/te
xmf-texlive/fonts/type1/public/amsfonts/cm/cmti9.pfb></opt/local/share/texmf-te
xlive/fonts/type1/public/amsfonts/cm/cmtt9.pfb></opt/local/share/texmf-texlive/
fonts/type1/public/amsfonts/latxfont/lcircle1.pfb>
Output written on Supplemental_Information.pdf (7 pages, 700880 bytes).
PDF statistics:
 194 PDF objects out of 1000 (max. 8388607)
 128 compressed objects within 2 object streams
 0 named destinations out of 1000 (max. 500000)
 21 words of extra memory for PDF output out of 10000 (max. 10000000)

